mode: set
github.com/gogpu/gogpu/examples/gpu_timing/main.go:13.13,32.32 10 0
github.com/gogpu/gogpu/examples/gpu_timing/main.go:32.32,34.3 1 0
github.com/gogpu/gogpu/examples/gpu_timing/main.go:36.2,36.37 1 0
github.com/gogpu/gogpu/examples/gpu_timing/main.go:36.37,40.37 3 0
github.com/gogpu/gogpu/examples/gpu_timing/main.go:40.37,42.4 1 0
github.com/gogpu/gogpu/examples/gpu_timing/main.go:45.3,50.29 6 0
github.com/gogpu/gogpu/examples/gpu_timing/main.go:50.29,52.4 1 0
github.com/gogpu/gogpu/examples/gpu_timing/main.go:54.3,57.61 2 0
github.com/gogpu/gogpu/examples/gpu_timing/main.go:57.61,69.4 7 0
github.com/gogpu/gogpu/examples/gpu_timing/main.go:72.2,72.34 1 0
github.com/gogpu/gogpu/examples/gpu_timing/main.go:72.34,74.3 1 0
github.com/gogpu/gogpu/examples/menu/main.go:9.13,34.18 5 0
github.com/gogpu/gogpu/examples/menu/main.go:34.18,34.62 1 0
github.com/gogpu/gogpu/examples/menu/main.go:36.2,39.80 2 0
github.com/gogpu/gogpu/examples/menu/main.go:39.80,47.3 7 0
github.com/gogpu/gogpu/examples/menu/main.go:50.2,50.79 1 0
github.com/gogpu/gogpu/examples/menu/main.go:50.79,54.19 2 0
github.com/gogpu/gogpu/examples/menu/main.go:54.19,54.65 1 0
github.com/gogpu/gogpu/examples/menu/main.go:59.2,59.32 1 0
github.com/gogpu/gogpu/examples/menu/main.go:59.33,60.3 0 0
github.com/gogpu/gogpu/examples/menu/main.go:62.2,62.34 1 0
github.com/gogpu/gogpu/examples/menu/main.go:62.34,64.3 1 0
github.com/gogpu/gogpu/examples/multistage_particle_pipeline/main.go:40.21,41.6 1 0
github.com/gogpu/gogpu/examples/multistage_particle_pipeline/main.go:41.6,45.3 3 0
github.com/gogpu/gogpu/examples/multistage_particle_pipeline/main.go:48.13,55.37 3 0
github.com/gogpu/gogpu/examples/multistage_particle_pipeline/main.go:55.37,57.15 2 0
github.com/gogpu/gogpu/examples/multistage_particle_pipeline/main.go:57.15,59.4 1 0
github.com/gogpu/gogpu/examples/multistage_particle_pipeline/main.go:60.3,61.16 2 0
github.com/gogpu/gogpu/examples/multistage_particle_pipeline/main.go:61.16,63.4 1 0
github.com/gogpu/gogpu/examples/multistage_particle_pipeline/main.go:64.3,64.15 1 0
github.com/gogpu/gogpu/examples/multistage_particle_pipeline/main.go:64.15,67.18 3 0
github.com/gogpu/gogpu/examples/multistage_particle_pipeline/main.go:67.18,69.5 1 0
github.com/gogpu/gogpu/examples/multistage_particle_pipeline/main.go:70.4,70.91 1 0
github.com/gogpu/gogpu/examples/multistage_particle_pipeline/main.go:72.3,72.37 1 0
github.com/gogpu/gogpu/examples/multistage_particle_pipeline/main.go:72.37,74.4 1 0
github.com/gogpu/gogpu/examples/multistage_particle_pipeline/main.go:75.3,75.17 1 0
github.com/gogpu/gogpu/examples/multistage_particle_pipeline/main.go:77.2,77.21 1 0
github.com/gogpu/gogpu/examples/multistage_particle_pipeline/main.go:77.21,78.15 1 0
github.com/gogpu/gogpu/examples/multistage_particle_pipeline/main.go:78.15,80.4 1 0
github.com/gogpu/gogpu/examples/multistage_particle_pipeline/main.go:82.2,83.34 2 0
github.com/gogpu/gogpu/examples/multistage_particle_pipeline/main.go:83.34,85.3 1 0
github.com/gogpu/gogpu/examples/multistage_particle_pipeline/main.go:104.76,111.16 5 0
github.com/gogpu/gogpu/examples/multistage_particle_pipeline/main.go:111.16,113.3 1 0
github.com/gogpu/gogpu/examples/multistage_particle_pipeline/main.go:114.2,115.16 2 0
github.com/gogpu/gogpu/examples/multistage_particle_pipeline/main.go:115.16,117.3 1 0
github.com/gogpu/gogpu/examples/multistage_particle_pipeline/main.go:120.2,121.16 2 0
github.com/gogpu/gogpu/examples/multistage_particle_pipeline/main.go:121.16,123.3 1 0
github.com/gogpu/gogpu/examples/multistage_particle_pipeline/main.go:126.2,128.36 3 0
github.com/gogpu/gogpu/examples/multistage_particle_pipeline/main.go:128.36,134.13 6 0
github.com/gogpu/gogpu/examples/multistage_particle_pipeline/main.go:134.13,137.4 2 0
github.com/gogpu/gogpu/examples/multistage_particle_pipeline/main.go:138.3,143.74 6 0
github.com/gogpu/gogpu/examples/multistage_particle_pipeline/main.go:145.2,156.16 9 0
github.com/gogpu/gogpu/examples/multistage_particle_pipeline/main.go:156.16,158.3 1 0
github.com/gogpu/gogpu/examples/multistage_particle_pipeline/main.go:159.2,168.16 3 0
github.com/gogpu/gogpu/examples/multistage_particle_pipeline/main.go:168.16,170.3 1 0
github.com/gogpu/gogpu/examples/multistage_particle_pipeline/main.go:171.2,174.16 3 0
github.com/gogpu/gogpu/examples/multistage_particle_pipeline/main.go:174.16,176.3 1 0
github.com/gogpu/gogpu/examples/multistage_particle_pipeline/main.go:177.2,180.16 3 0
github.com/gogpu/gogpu/examples/multistage_particle_pipeline/main.go:180.16,182.3 1 0
github.com/gogpu/gogpu/examples/multistage_particle_pipeline/main.go:186.2,187.16 2 0
github.com/gogpu/gogpu/examples/multistage_particle_pipeline/main.go:187.16,189.3 1 0
github.com/gogpu/gogpu/examples/multistage_particle_pipeline/main.go:190.2,199.16 3 0
github.com/gogpu/gogpu/examples/multistage_particle_pipeline/main.go:199.16,201.3 1 0
github.com/gogpu/gogpu/examples/multistage_particle_pipeline/main.go:202.2,205.16 3 0
github.com/gogpu/gogpu/examples/multistage_particle_pipeline/main.go:205.16,207.3 1 0
github.com/gogpu/gogpu/examples/multistage_particle_pipeline/main.go:208.2,211.16 3 0
github.com/gogpu/gogpu/examples/multistage_particle_pipeline/main.go:211.16,213.3 1 0
github.com/gogpu/gogpu/examples/multistage_particle_pipeline/main.go:217.2,218.16 2 0
github.com/gogpu/gogpu/examples/multistage_particle_pipeline/main.go:218.16,220.3 1 0
github.com/gogpu/gogpu/examples/multistage_particle_pipeline/main.go:221.2,228.16 3 0
github.com/gogpu/gogpu/examples/multistage_particle_pipeline/main.go:228.16,230.3 1 0
github.com/gogpu/gogpu/examples/multistage_particle_pipeline/main.go:232.2,233.16 2 0
github.com/gogpu/gogpu/examples/multistage_particle_pipeline/main.go:233.16,235.3 1 0
github.com/gogpu/gogpu/examples/multistage_particle_pipeline/main.go:237.2,255.16 2 0
github.com/gogpu/gogpu/examples/multistage_particle_pipeline/main.go:255.16,257.3 1 0
github.com/gogpu/gogpu/examples/multistage_particle_pipeline/main.go:259.2,259.15 1 0
github.com/gogpu/gogpu/examples/multistage_particle_pipeline/main.go:262.25,269.37 2 0
github.com/gogpu/gogpu/examples/multistage_particle_pipeline/main.go:269.37,270.15 1 0
github.com/gogpu/gogpu/examples/multistage_particle_pipeline/main.go:270.15,272.4 1 0
github.com/gogpu/gogpu/examples/multistage_particle_pipeline/main.go:276.49,278.16 2 0
github.com/gogpu/gogpu/examples/multistage_particle_pipeline/main.go:278.16,280.3 1 0
github.com/gogpu/gogpu/examples/multistage_particle_pipeline/main.go:283.2,288.16 2 0
github.com/gogpu/gogpu/examples/multistage_particle_pipeline/main.go:288.16,290.3 1 0
github.com/gogpu/gogpu/examples/multistage_particle_pipeline/main.go:291.2,294.16 3 0
github.com/gogpu/gogpu/examples/multistage_particle_pipeline/main.go:294.16,296.3 1 0
github.com/gogpu/gogpu/examples/multistage_particle_pipeline/main.go:297.2,308.16 6 0
github.com/gogpu/gogpu/examples/multistage_particle_pipeline/main.go:308.16,310.3 1 0
github.com/gogpu/gogpu/examples/multistage_particle_pipeline/main.go:311.2,314.16 3 0
github.com/gogpu/gogpu/examples/multistage_particle_pipeline/main.go:314.16,316.3 1 0
github.com/gogpu/gogpu/examples/multistage_particle_pipeline/main.go:317.2,326.16 6 0
github.com/gogpu/gogpu/examples/multistage_particle_pipeline/main.go:326.16,328.3 1 0
github.com/gogpu/gogpu/examples/multistage_particle_pipeline/main.go:329.2,337.16 3 0
github.com/gogpu/gogpu/examples/multistage_particle_pipeline/main.go:337.16,339.3 1 0
github.com/gogpu/gogpu/examples/multistage_particle_pipeline/main.go:340.2,347.16 7 0
github.com/gogpu/gogpu/examples/multistage_particle_pipeline/main.go:347.16,349.3 1 0
github.com/gogpu/gogpu/examples/multistage_particle_pipeline/main.go:351.2,351.54 1 0
github.com/gogpu/gogpu/examples/multistage_particle_pipeline/main.go:351.54,353.3 1 0
github.com/gogpu/gogpu/examples/multistage_particle_pipeline/main.go:355.2,357.12 2 0
github.com/gogpu/gogpu/examples/file_dialog/main.go:14.13,30.20 4 0
github.com/gogpu/gogpu/examples/file_dialog/main.go:30.20,35.17 2 0
github.com/gogpu/gogpu/examples/file_dialog/main.go:35.17,38.4 2 0
github.com/gogpu/gogpu/examples/file_dialog/main.go:39.3,39.22 1 0
github.com/gogpu/gogpu/examples/file_dialog/main.go:39.22,42.4 2 0
github.com/gogpu/gogpu/examples/file_dialog/main.go:43.3,43.35 1 0
github.com/gogpu/gogpu/examples/file_dialog/main.go:46.2,46.21 1 0
github.com/gogpu/gogpu/examples/file_dialog/main.go:46.21,52.17 2 0
github.com/gogpu/gogpu/examples/file_dialog/main.go:52.17,55.4 2 0
github.com/gogpu/gogpu/examples/file_dialog/main.go:56.3,56.22 1 0
github.com/gogpu/gogpu/examples/file_dialog/main.go:56.22,59.4 2 0
github.com/gogpu/gogpu/examples/file_dialog/main.go:60.3,61.27 2 0
github.com/gogpu/gogpu/examples/file_dialog/main.go:61.27,63.4 1 0
github.com/gogpu/gogpu/examples/file_dialog/main.go:66.2,66.20 1 0
github.com/gogpu/gogpu/examples/file_dialog/main.go:66.20,71.17 2 0
github.com/gogpu/gogpu/examples/file_dialog/main.go:71.17,74.4 2 0
github.com/gogpu/gogpu/examples/file_dialog/main.go:75.3,75.22 1 0
github.com/gogpu/gogpu/examples/file_dialog/main.go:75.22,78.4 2 0
github.com/gogpu/gogpu/examples/file_dialog/main.go:79.3,79.38 1 0
github.com/gogpu/gogpu/examples/file_dialog/main.go:82.2,82.21 1 0
github.com/gogpu/gogpu/examples/file_dialog/main.go:82.21,88.17 2 0
github.com/gogpu/gogpu/examples/file_dialog/main.go:88.17,91.4 2 0
github.com/gogpu/gogpu/examples/file_dialog/main.go:92.3,92.17 1 0
github.com/gogpu/gogpu/examples/file_dialog/main.go:92.17,95.4 2 0
github.com/gogpu/gogpu/examples/file_dialog/main.go:96.3,96.34 1 0
github.com/gogpu/gogpu/examples/file_dialog/main.go:99.2,106.80 7 0
github.com/gogpu/gogpu/examples/file_dialog/main.go:106.80,107.14 1 0
github.com/gogpu/gogpu/examples/file_dialog/main.go:108.24,109.13 1 0
github.com/gogpu/gogpu/examples/file_dialog/main.go:110.24,111.14 1 0
github.com/gogpu/gogpu/examples/file_dialog/main.go:112.24,113.13 1 0
github.com/gogpu/gogpu/examples/file_dialog/main.go:114.24,115.14 1 0
github.com/gogpu/gogpu/examples/file_dialog/main.go:116.24,117.14 1 0
github.com/gogpu/gogpu/examples/file_dialog/main.go:118.11,118.11 0 0
github.com/gogpu/gogpu/examples/file_dialog/main.go:122.2,122.32 1 0
github.com/gogpu/gogpu/examples/file_dialog/main.go:122.33,122.34 0 0
github.com/gogpu/gogpu/examples/file_dialog/main.go:124.2,124.34 1 0
github.com/gogpu/gogpu/examples/file_dialog/main.go:124.34,126.3 1 0
github.com/gogpu/gogpu/examples/lifecycle/main.go:25.13,32.38 3 0
github.com/gogpu/gogpu/examples/lifecycle/main.go:32.38,34.3 1 0
github.com/gogpu/gogpu/examples/lifecycle/main.go:36.2,36.32 1 0
github.com/gogpu/gogpu/examples/lifecycle/main.go:36.32,37.23 1 0
github.com/gogpu/gogpu/examples/lifecycle/main.go:37.23,39.4 1 0
github.com/gogpu/gogpu/examples/lifecycle/main.go:40.3,45.17 3 0
github.com/gogpu/gogpu/examples/lifecycle/main.go:45.17,48.4 2 0
github.com/gogpu/gogpu/examples/lifecycle/main.go:50.3,50.41 1 0
github.com/gogpu/gogpu/examples/lifecycle/main.go:50.41,52.4 1 0
github.com/gogpu/gogpu/examples/lifecycle/main.go:54.3,55.48 2 0
github.com/gogpu/gogpu/examples/lifecycle/main.go:58.2,58.34 1 0
github.com/gogpu/gogpu/examples/lifecycle/main.go:58.34,60.3 1 0
github.com/gogpu/gogpu/examples/lifecycle/main.go:61.2,61.36 1 0
github.com/gogpu/gogpu/examples/gpu_vsync/main.go:13.13,24.37 6 0
github.com/gogpu/gogpu/examples/gpu_vsync/main.go:24.37,28.3 3 0
github.com/gogpu/gogpu/examples/gpu_vsync/main.go:30.2,30.32 1 0
github.com/gogpu/gogpu/examples/gpu_vsync/main.go:30.32,31.43 1 0
github.com/gogpu/gogpu/examples/gpu_vsync/main.go:31.43,35.4 3 0
github.com/gogpu/gogpu/examples/gpu_vsync/main.go:38.2,38.34 1 0
github.com/gogpu/gogpu/examples/gpu_vsync/main.go:38.34,40.3 1 0
github.com/gogpu/gogpu/examples/particles/main.go:97.13,105.37 4 0
github.com/gogpu/gogpu/examples/particles/main.go:105.37,107.15 2 0
github.com/gogpu/gogpu/examples/particles/main.go:107.15,109.4 1 0
github.com/gogpu/gogpu/examples/particles/main.go:110.3,111.16 2 0
github.com/gogpu/gogpu/examples/particles/main.go:111.16,113.4 1 0
github.com/gogpu/gogpu/examples/particles/main.go:114.3,114.15 1 0
github.com/gogpu/gogpu/examples/particles/main.go:114.15,117.18 3 0
github.com/gogpu/gogpu/examples/particles/main.go:117.18,119.5 1 0
github.com/gogpu/gogpu/examples/particles/main.go:120.4,121.26 2 0
github.com/gogpu/gogpu/examples/particles/main.go:123.3,124.37 2 0
github.com/gogpu/gogpu/examples/particles/main.go:124.37,126.4 1 0
github.com/gogpu/gogpu/examples/particles/main.go:127.3,127.26 1 0
github.com/gogpu/gogpu/examples/particles/main.go:127.26,131.4 2 0
github.com/gogpu/gogpu/examples/particles/main.go:134.2,134.21 1 0
github.com/gogpu/gogpu/examples/particles/main.go:134.21,135.15 1 0
github.com/gogpu/gogpu/examples/particles/main.go:135.15,137.4 1 0
github.com/gogpu/gogpu/examples/particles/main.go:140.2,140.34 1 0
github.com/gogpu/gogpu/examples/particles/main.go:140.34,142.3 1 0
github.com/gogpu/gogpu/examples/particles/main.go:160.76,166.16 5 0
github.com/gogpu/gogpu/examples/particles/main.go:166.16,168.3 1 0
github.com/gogpu/gogpu/examples/particles/main.go:169.2,170.16 2 0
github.com/gogpu/gogpu/examples/particles/main.go:170.16,172.3 1 0
github.com/gogpu/gogpu/examples/particles/main.go:173.2,174.16 2 0
github.com/gogpu/gogpu/examples/particles/main.go:174.16,176.3 1 0
github.com/gogpu/gogpu/examples/particles/main.go:179.2,180.36 2 0
github.com/gogpu/gogpu/examples/particles/main.go:180.36,194.3 12 0
github.com/gogpu/gogpu/examples/particles/main.go:195.2,205.16 8 0
github.com/gogpu/gogpu/examples/particles/main.go:205.16,207.3 1 0
github.com/gogpu/gogpu/examples/particles/main.go:208.2,217.16 3 0
github.com/gogpu/gogpu/examples/particles/main.go:217.16,219.3 1 0
github.com/gogpu/gogpu/examples/particles/main.go:220.2,223.16 3 0
github.com/gogpu/gogpu/examples/particles/main.go:223.16,225.3 1 0
github.com/gogpu/gogpu/examples/particles/main.go:226.2,229.16 3 0
github.com/gogpu/gogpu/examples/particles/main.go:229.16,231.3 1 0
github.com/gogpu/gogpu/examples/particles/main.go:233.2,238.16 2 0
github.com/gogpu/gogpu/examples/particles/main.go:238.16,240.3 1 0
github.com/gogpu/gogpu/examples/particles/main.go:241.2,246.16 2 0
github.com/gogpu/gogpu/examples/particles/main.go:246.16,248.3 1 0
github.com/gogpu/gogpu/examples/particles/main.go:251.2,252.16 2 0
github.com/gogpu/gogpu/examples/particles/main.go:252.16,254.3 1 0
github.com/gogpu/gogpu/examples/particles/main.go:255.2,258.16 3 0
github.com/gogpu/gogpu/examples/particles/main.go:258.16,260.3 1 0
github.com/gogpu/gogpu/examples/particles/main.go:261.2,282.16 3 0
github.com/gogpu/gogpu/examples/particles/main.go:282.16,284.3 1 0
github.com/gogpu/gogpu/examples/particles/main.go:286.2,286.15 1 0
github.com/gogpu/gogpu/examples/particles/main.go:289.49,295.23 3 0
github.com/gogpu/gogpu/examples/particles/main.go:295.23,298.3 2 0
github.com/gogpu/gogpu/examples/particles/main.go:298.8,301.3 2 0
github.com/gogpu/gogpu/examples/particles/main.go:304.2,305.16 2 0
github.com/gogpu/gogpu/examples/particles/main.go:305.16,307.3 1 0
github.com/gogpu/gogpu/examples/particles/main.go:308.2,309.16 2 0
github.com/gogpu/gogpu/examples/particles/main.go:309.16,311.3 1 0
github.com/gogpu/gogpu/examples/particles/main.go:312.2,317.16 6 0
github.com/gogpu/gogpu/examples/particles/main.go:317.16,319.3 1 0
github.com/gogpu/gogpu/examples/particles/main.go:320.2,320.55 1 0
github.com/gogpu/gogpu/examples/particles/main.go:320.55,322.3 1 0
github.com/gogpu/gogpu/examples/particles/main.go:325.2,326.16 2 0
github.com/gogpu/gogpu/examples/particles/main.go:326.16,328.3 1 0
github.com/gogpu/gogpu/examples/particles/main.go:329.2,335.16 2 0
github.com/gogpu/gogpu/examples/particles/main.go:335.16,337.3 1 0
github.com/gogpu/gogpu/examples/particles/main.go:338.2,343.16 6 0
github.com/gogpu/gogpu/examples/particles/main.go:343.16,345.3 1 0
github.com/gogpu/gogpu/examples/particles/main.go:346.2,346.55 1 0
github.com/gogpu/gogpu/examples/particles/main.go:346.55,348.3 1 0
github.com/gogpu/gogpu/examples/particles/main.go:349.2,349.12 1 0
github.com/gogpu/gogpu/examples/particles/main.go:352.25,356.4 1 0
github.com/gogpu/gogpu/examples/particles/main.go:356.4,357.15 1 0
github.com/gogpu/gogpu/examples/particles/main.go:357.15,359.4 1 0
github.com/gogpu/gogpu/examples/closing_window/main.go:9.13,17.20 3 0
github.com/gogpu/gogpu/examples/closing_window/main.go:17.20,18.15 1 0
github.com/gogpu/gogpu/examples/closing_window/main.go:18.15,20.5 1 0
github.com/gogpu/gogpu/examples/closing_window/main.go:21.4,27.17 3 0
github.com/gogpu/gogpu/examples/closing_window/main.go:27.17,30.6 2 0
github.com/gogpu/gogpu/examples/closing_window/main.go:35.2,35.11 1 0
github.com/gogpu/gogpu/examples/multiwindow/main.go:10.13,15.38 2 0
github.com/gogpu/gogpu/examples/multiwindow/main.go:15.38,17.3 1 0
github.com/gogpu/gogpu/examples/multiwindow/main.go:21.2,22.32 2 0
github.com/gogpu/gogpu/examples/multiwindow/main.go:22.32,23.20 1 0
github.com/gogpu/gogpu/examples/multiwindow/main.go:23.20,25.4 1 0
github.com/gogpu/gogpu/examples/multiwindow/main.go:26.3,31.17 3 0
github.com/gogpu/gogpu/examples/multiwindow/main.go:31.17,34.4 2 0
github.com/gogpu/gogpu/examples/multiwindow/main.go:35.3,37.41 2 0
github.com/gogpu/gogpu/examples/multiwindow/main.go:37.41,39.4 1 0
github.com/gogpu/gogpu/examples/multiwindow/main.go:42.2,42.34 1 0
github.com/gogpu/gogpu/examples/multiwindow/main.go:42.34,44.3 1 0
github.com/gogpu/gogpu/examples/gpucontext_integration/main.go:30.13,40.72 3 0
github.com/gogpu/gogpu/examples/gpucontext_integration/main.go:40.72,42.3 1 0
github.com/gogpu/gogpu/examples/gpucontext_integration/main.go:44.2,44.40 1 0
github.com/gogpu/gogpu/examples/gpucontext_integration/main.go:44.40,49.3 2 0
github.com/gogpu/gogpu/examples/gpucontext_integration/main.go:51.2,51.72 1 0
github.com/gogpu/gogpu/examples/gpucontext_integration/main.go:51.72,53.3 1 0
github.com/gogpu/gogpu/examples/gpucontext_integration/main.go:55.2,55.42 1 0
github.com/gogpu/gogpu/examples/gpucontext_integration/main.go:55.42,57.3 1 0
github.com/gogpu/gogpu/examples/gpucontext_integration/main.go:60.2,63.37 2 0
github.com/gogpu/gogpu/examples/gpucontext_integration/main.go:63.37,66.22 2 0
github.com/gogpu/gogpu/examples/gpucontext_integration/main.go:66.22,68.4 1 0
github.com/gogpu/gogpu/examples/gpucontext_integration/main.go:71.3,71.15 1 0
github.com/gogpu/gogpu/examples/gpucontext_integration/main.go:71.15,82.4 10 0
github.com/gogpu/gogpu/examples/gpucontext_integration/main.go:98.3,98.68 1 0
github.com/gogpu/gogpu/examples/gpucontext_integration/main.go:98.68,100.4 1 0
github.com/gogpu/gogpu/examples/gpucontext_integration/main.go:104.2,105.34 2 0
github.com/gogpu/gogpu/examples/gpucontext_integration/main.go:105.34,107.3 1 0
github.com/gogpu/gogpu/examples/hidpi/main.go:13.13,21.12 3 0
github.com/gogpu/gogpu/examples/hidpi/main.go:21.12,22.40 1 0
github.com/gogpu/gogpu/examples/hidpi/main.go:22.40,24.4 1 0
github.com/gogpu/gogpu/examples/hidpi/main.go:27.2,37.37 2 0
github.com/gogpu/gogpu/examples/hidpi/main.go:37.37,42.18 4 0
github.com/gogpu/gogpu/examples/hidpi/main.go:42.18,43.21 1 0
github.com/gogpu/gogpu/examples/hidpi/main.go:43.21,45.5 1 0
github.com/gogpu/gogpu/examples/hidpi/main.go:46.4,46.22 1 0
github.com/gogpu/gogpu/examples/hidpi/main.go:46.22,48.5 1 0
github.com/gogpu/gogpu/examples/hidpi/main.go:50.4,55.18 5 0
github.com/gogpu/gogpu/examples/hidpi/main.go:55.18,57.5 1 0
github.com/gogpu/gogpu/examples/hidpi/main.go:58.4,59.18 2 0
github.com/gogpu/gogpu/examples/hidpi/main.go:59.18,61.5 1 0
github.com/gogpu/gogpu/examples/hidpi/main.go:63.4,66.84 3 0
github.com/gogpu/gogpu/examples/hidpi/main.go:69.3,72.32 3 0
github.com/gogpu/gogpu/examples/hidpi/main.go:72.32,74.20 2 0
github.com/gogpu/gogpu/examples/hidpi/main.go:74.20,76.5 1 0
github.com/gogpu/gogpu/examples/hidpi/main.go:77.9,77.40 1 0
github.com/gogpu/gogpu/examples/hidpi/main.go:77.40,79.20 2 0
github.com/gogpu/gogpu/examples/hidpi/main.go:79.20,81.5 1 0
github.com/gogpu/gogpu/examples/hidpi/main.go:83.3,83.14 1 0
github.com/gogpu/gogpu/examples/hidpi/main.go:86.2,86.21 1 0
github.com/gogpu/gogpu/examples/hidpi/main.go:86.21,87.20 1 0
github.com/gogpu/gogpu/examples/hidpi/main.go:87.20,89.4 1 0
github.com/gogpu/gogpu/examples/hidpi/main.go:90.3,90.21 1 0
github.com/gogpu/gogpu/examples/hidpi/main.go:90.21,92.4 1 0
github.com/gogpu/gogpu/examples/hidpi/main.go:95.2,95.34 1 0
github.com/gogpu/gogpu/examples/hidpi/main.go:95.34,97.3 1 0
github.com/gogpu/gogpu/examples/hidpi/main.go:100.54,106.25 5 0
github.com/gogpu/gogpu/examples/hidpi/main.go:106.25,107.26 1 0
github.com/gogpu/gogpu/examples/hidpi/main.go:107.26,108.38 1 0
github.com/gogpu/gogpu/examples/hidpi/main.go:108.38,110.13 2 0
github.com/gogpu/gogpu/examples/hidpi/main.go:112.4,112.38 1 0
github.com/gogpu/gogpu/examples/hidpi/main.go:112.38,114.5 1 0
github.com/gogpu/gogpu/examples/hidpi/main.go:114.10,116.5 1 0
github.com/gogpu/gogpu/examples/hidpi/main.go:119.2,119.12 1 0
github.com/gogpu/gogpu/examples/deviceprovider/main.go:20.13,30.37 3 0
github.com/gogpu/gogpu/examples/deviceprovider/main.go:30.37,33.22 2 0
github.com/gogpu/gogpu/examples/deviceprovider/main.go:33.22,35.4 1 0
github.com/gogpu/gogpu/examples/deviceprovider/main.go:38.3,38.15 1 0
github.com/gogpu/gogpu/examples/deviceprovider/main.go:38.15,45.4 6 0
github.com/gogpu/gogpu/examples/deviceprovider/main.go:55.3,55.68 1 0
github.com/gogpu/gogpu/examples/deviceprovider/main.go:55.68,57.4 1 0
github.com/gogpu/gogpu/examples/deviceprovider/main.go:61.2,63.34 3 0
github.com/gogpu/gogpu/examples/deviceprovider/main.go:63.34,65.3 1 0
github.com/gogpu/gogpu/examples/gles_test/main.go:14.13,25.37 5 0
github.com/gogpu/gogpu/examples/gles_test/main.go:25.37,26.16 1 0
github.com/gogpu/gogpu/examples/gles_test/main.go:26.16,28.4 1 0
github.com/gogpu/gogpu/examples/gles_test/main.go:30.3,30.62 1 0
github.com/gogpu/gogpu/examples/gles_test/main.go:30.62,31.17 1 0
github.com/gogpu/gogpu/examples/gles_test/main.go:31.17,33.5 1 0
github.com/gogpu/gogpu/examples/gles_test/main.go:35.3,35.10 1 0
github.com/gogpu/gogpu/examples/gles_test/main.go:38.2,38.34 1 0
github.com/gogpu/gogpu/examples/gles_test/main.go:38.34,40.3 1 0
github.com/gogpu/gogpu/examples/tabbing/main.go:9.13,21.32 3 0
github.com/gogpu/gogpu/examples/tabbing/main.go:21.32,22.14 1 0
github.com/gogpu/gogpu/examples/tabbing/main.go:22.14,24.4 1 0
github.com/gogpu/gogpu/examples/tabbing/main.go:25.3,29.46 2 0
github.com/gogpu/gogpu/examples/tabbing/main.go:32.2,32.38 1 0
github.com/gogpu/gogpu/examples/tabbing/main.go:32.38,34.3 1 0
github.com/gogpu/gogpu/examples/tabbing/main.go:36.2,36.34 1 0
github.com/gogpu/gogpu/examples/tabbing/main.go:36.34,38.3 1 0
github.com/gogpu/gogpu/examples/texture/main.go:21.13,31.37 4 0
github.com/gogpu/gogpu/examples/texture/main.go:31.37,36.43 2 0
github.com/gogpu/gogpu/examples/texture/main.go:36.43,38.23 2 0
github.com/gogpu/gogpu/examples/texture/main.go:38.23,40.5 1 0
github.com/gogpu/gogpu/examples/texture/main.go:44.3,44.24 1 0
github.com/gogpu/gogpu/examples/texture/main.go:44.24,46.61 1 0
github.com/gogpu/gogpu/examples/texture/main.go:46.61,48.5 1 0
github.com/gogpu/gogpu/examples/texture/main.go:51.4,51.78 1 0
github.com/gogpu/gogpu/examples/texture/main.go:51.78,53.5 1 0
github.com/gogpu/gogpu/examples/texture/main.go:56.4,60.19 1 0
github.com/gogpu/gogpu/examples/texture/main.go:60.19,62.5 1 0
github.com/gogpu/gogpu/examples/texture/main.go:65.3,65.25 1 0
github.com/gogpu/gogpu/examples/texture/main.go:65.25,67.63 1 0
github.com/gogpu/gogpu/examples/texture/main.go:67.63,69.5 1 0
github.com/gogpu/gogpu/examples/texture/main.go:72.4,72.80 1 0
github.com/gogpu/gogpu/examples/texture/main.go:72.80,74.5 1 0
github.com/gogpu/gogpu/examples/texture/main.go:79.2,79.21 1 0
github.com/gogpu/gogpu/examples/texture/main.go:79.21,80.24 1 0
github.com/gogpu/gogpu/examples/texture/main.go:80.24,83.4 2 0
github.com/gogpu/gogpu/examples/texture/main.go:84.3,84.25 1 0
github.com/gogpu/gogpu/examples/texture/main.go:84.25,87.4 2 0
github.com/gogpu/gogpu/examples/texture/main.go:91.2,91.34 1 0
github.com/gogpu/gogpu/examples/texture/main.go:91.34,93.3 1 0
github.com/gogpu/gogpu/examples/texture/main.go:97.91,101.16 3 0
github.com/gogpu/gogpu/examples/texture/main.go:101.16,103.3 1 0
github.com/gogpu/gogpu/examples/texture/main.go:106.2,108.16 3 0
github.com/gogpu/gogpu/examples/texture/main.go:108.16,111.3 2 0
github.com/gogpu/gogpu/examples/texture/main.go:113.2,113.37 1 0
github.com/gogpu/gogpu/examples/texture/main.go:117.63,120.30 2 0
github.com/gogpu/gogpu/examples/texture/main.go:120.30,121.30 1 0
github.com/gogpu/gogpu/examples/texture/main.go:121.30,124.46 2 0
github.com/gogpu/gogpu/examples/texture/main.go:124.46,129.5 4 0
github.com/gogpu/gogpu/examples/texture/main.go:129.10,134.5 4 0
github.com/gogpu/gogpu/examples/texture/main.go:138.2,138.15 1 0
github.com/gogpu/gogpu/examples/texture/main.go:142.57,145.30 2 0
github.com/gogpu/gogpu/examples/texture/main.go:145.30,146.30 1 0
github.com/gogpu/gogpu/examples/texture/main.go:146.30,151.4 4 0
github.com/gogpu/gogpu/examples/texture/main.go:154.2,154.12 1 0
github.com/gogpu/gogpu/examples/sound_demo/main.go:19.13,33.27 6 0
github.com/gogpu/gogpu/examples/sound_demo/main.go:33.27,37.3 3 0
github.com/gogpu/gogpu/examples/sound_demo/main.go:39.2,40.66 2 0
github.com/gogpu/gogpu/examples/timing_test/main.go:12.13,18.35 4 0
github.com/gogpu/gogpu/examples/timing_test/main.go:18.35,21.3 2 0
github.com/gogpu/gogpu/examples/timing_test/main.go:22.2,29.16 3 0
github.com/gogpu/gogpu/examples/timing_test/main.go:29.16,32.3 2 0
github.com/gogpu/gogpu/examples/timing_test/main.go:33.2,40.25 5 0
github.com/gogpu/gogpu/examples/timing_test/main.go:40.25,43.7 2 0
github.com/gogpu/gogpu/examples/timing_test/main.go:43.7,45.40 2 0
github.com/gogpu/gogpu/examples/timing_test/main.go:45.40,46.10 1 0
github.com/gogpu/gogpu/examples/timing_test/main.go:49.3,50.25 2 0
github.com/gogpu/gogpu/examples/timing_test/main.go:50.25,52.4 1 0
github.com/gogpu/gogpu/examples/timing_test/main.go:55.3,58.27 4 0
github.com/gogpu/gogpu/examples/timing_test/main.go:58.27,60.4 1 0
github.com/gogpu/gogpu/examples/timing_test/main.go:62.3,63.43 2 0
github.com/gogpu/gogpu/examples/timing_test/main.go:63.43,70.4 5 0
github.com/gogpu/gogpu/examples/triangle/main.go:16.13,23.37 2 0
github.com/gogpu/gogpu/examples/triangle/main.go:23.37,27.17 2 0
github.com/gogpu/gogpu/examples/triangle/main.go:27.17,29.4 1 0
github.com/gogpu/gogpu/examples/triangle/main.go:33.2,33.34 1 0
github.com/gogpu/gogpu/examples/triangle/main.go:33.34,35.3 1 0
github.com/gogpu/gogpu/examples/window_only/main.go:13.13,17.35 3 0
github.com/gogpu/gogpu/examples/window_only/main.go:17.35,20.3 2 0
github.com/gogpu/gogpu/examples/window_only/main.go:21.2,28.16 3 0
github.com/gogpu/gogpu/examples/window_only/main.go:28.16,31.3 2 0
github.com/gogpu/gogpu/examples/window_only/main.go:32.2,40.25 6 0
github.com/gogpu/gogpu/examples/window_only/main.go:40.25,42.7 1 0
github.com/gogpu/gogpu/examples/window_only/main.go:42.7,44.40 2 0
github.com/gogpu/gogpu/examples/window_only/main.go:44.40,45.10 1 0
github.com/gogpu/gogpu/examples/window_only/main.go:47.4,47.42 1 0
github.com/gogpu/gogpu/examples/window_only/main.go:47.42,49.5 1 0
github.com/gogpu/gogpu/examples/window_only/main.go:52.3,53.43 2 0
github.com/gogpu/gogpu/examples/window_only/main.go:53.43,57.4 3 0
github.com/gogpu/gogpu/examples/window_only/main.go:60.3,60.31 1 0
github.com/gogpu/gogpu/examples/window_only/main.go:63.2,63.31 1 0
github.com/gogpu/gogpu/gpu/backend/native/hal_metal.go:16.81,17.13 1 0
github.com/gogpu/gogpu/gpu/backend/native/hal_metal.go:18.33,19.64 1 0
github.com/gogpu/gogpu/gpu/backend/native/hal_metal.go:20.10,21.61 1 0
github.com/gogpu/gogpu/internal/thread/renderloop.go:28.34,32.2 1 0
github.com/gogpu/gogpu/internal/thread/renderloop.go:35.30,36.28 1 0
github.com/gogpu/gogpu/internal/thread/renderloop.go:36.28,38.3 1 0
github.com/gogpu/gogpu/internal/thread/renderloop.go:44.59,48.2 3 0
github.com/gogpu/gogpu/internal/thread/renderloop.go:53.78,54.35 1 0
github.com/gogpu/gogpu/internal/thread/renderloop.go:54.35,56.3 1 0
github.com/gogpu/gogpu/internal/thread/renderloop.go:57.2,57.62 1 0
github.com/gogpu/gogpu/internal/thread/renderloop.go:61.47,63.2 1 0
github.com/gogpu/gogpu/internal/thread/renderloop.go:67.59,69.2 1 0
github.com/gogpu/gogpu/internal/thread/renderloop.go:73.55,75.2 1 0
github.com/gogpu/gogpu/internal/thread/renderloop.go:79.56,81.2 1 0
github.com/gogpu/gogpu/internal/thread/renderloop.go:84.40,86.2 1 0
github.com/gogpu/gogpu/internal/thread/thread.go:30.20,39.12 4 0
github.com/gogpu/gogpu/internal/thread/thread.go:39.12,47.7 4 0
github.com/gogpu/gogpu/internal/thread/thread.go:47.7,48.11 1 0
github.com/gogpu/gogpu/internal/thread/thread.go:49.24,50.8 1 0
github.com/gogpu/gogpu/internal/thread/thread.go:51.18,52.11 1 0
github.com/gogpu/gogpu/internal/thread/thread.go:57.2,58.10 2 0
github.com/gogpu/gogpu/internal/thread/thread.go:69.41,70.23 1 0
github.com/gogpu/gogpu/internal/thread/thread.go:70.23,72.3 1 0
github.com/gogpu/gogpu/internal/thread/thread.go:74.2,75.20 2 0
github.com/gogpu/gogpu/internal/thread/thread.go:75.20,77.10 2 0
github.com/gogpu/gogpu/internal/thread/thread.go:77.10,78.17 1 0
github.com/gogpu/gogpu/internal/thread/thread.go:78.17,78.40 1 0
github.com/gogpu/gogpu/internal/thread/thread.go:79.4,79.15 1 0
github.com/gogpu/gogpu/internal/thread/thread.go:81.3,81.12 1 0
github.com/gogpu/gogpu/internal/thread/thread.go:83.2,84.20 2 0
github.com/gogpu/gogpu/internal/thread/thread.go:84.20,85.17 1 0
github.com/gogpu/gogpu/internal/thread/thread.go:87.2,87.14 1 0
github.com/gogpu/gogpu/internal/thread/thread.go:92.37,93.23 1 0
github.com/gogpu/gogpu/internal/thread/thread.go:93.23,95.3 1 0
github.com/gogpu/gogpu/internal/thread/thread.go:97.2,98.20 2 0
github.com/gogpu/gogpu/internal/thread/thread.go:98.20,100.10 2 0
github.com/gogpu/gogpu/internal/thread/thread.go:100.10,101.17 1 0
github.com/gogpu/gogpu/internal/thread/thread.go:101.17,101.40 1 0
github.com/gogpu/gogpu/internal/thread/thread.go:102.4,102.7 1 0
github.com/gogpu/gogpu/internal/thread/thread.go:104.3,104.12 1 0
github.com/gogpu/gogpu/internal/thread/thread.go:106.2,107.20 2 0
github.com/gogpu/gogpu/internal/thread/thread.go:107.20,108.17 1 0
github.com/gogpu/gogpu/internal/thread/thread.go:114.38,115.23 1 0
github.com/gogpu/gogpu/internal/thread/thread.go:115.23,117.3 1 0
github.com/gogpu/gogpu/internal/thread/thread.go:119.2,119.9 1 0
github.com/gogpu/gogpu/internal/thread/thread.go:120.20,120.20 0 0
github.com/gogpu/gogpu/internal/thread/thread.go:121.10,123.16 1 0
github.com/gogpu/gogpu/internal/thread/thread.go:128.25,129.27 1 0
github.com/gogpu/gogpu/internal/thread/thread.go:129.27,131.3 1 0
github.com/gogpu/gogpu/internal/thread/thread.go:135.35,137.2 1 0
github.com/gogpu/gogpu/animation.go:17.65,20.2 2 1
github.com/gogpu/gogpu/animation.go:23.51,25.2 1 1
github.com/gogpu/gogpu/animation.go:27.48,29.2 1 1
github.com/gogpu/gogpu/animation.go:39.33,40.43 1 1
github.com/gogpu/gogpu/animation.go:40.43,42.3 1 1
github.com/gogpu/gogpu/app.go:92.33,97.2 1 1
github.com/gogpu/gogpu/app.go:102.57,105.2 2 0
github.com/gogpu/gogpu/app.go:110.40,112.2 1 1
github.com/gogpu/gogpu/app.go:118.50,121.2 2 1
github.com/gogpu/gogpu/app.go:126.50,129.2 2 1
github.com/gogpu/gogpu/app.go:134.41,137.2 2 1
github.com/gogpu/gogpu/app.go:142.43,145.2 2 1
github.com/gogpu/gogpu/app.go:150.47,153.2 2 1
github.com/gogpu/gogpu/app.go:159.46,161.28 2 1
github.com/gogpu/gogpu/app.go:161.28,163.3 1 0
github.com/gogpu/gogpu/app.go:165.2,165.10 1 1
github.com/gogpu/gogpu/app.go:170.47,173.2 2 1
github.com/gogpu/gogpu/app.go:178.57,180.28 2 1
github.com/gogpu/gogpu/app.go:180.28,182.3 1 0
github.com/gogpu/gogpu/app.go:183.2,183.10 1 1
github.com/gogpu/gogpu/app.go:191.39,194.2 2 1
github.com/gogpu/gogpu/app.go:200.57,203.2 2 1
github.com/gogpu/gogpu/app.go:206.38,208.25 2 1
github.com/gogpu/gogpu/app.go:208.25,210.3 1 1
github.com/gogpu/gogpu/app.go:214.30,216.2 1 1
github.com/gogpu/gogpu/app.go:220.51,224.2 3 1
github.com/gogpu/gogpu/app.go:227.31,229.2 1 1
github.com/gogpu/gogpu/app.go:246.42,247.22 1 1
github.com/gogpu/gogpu/app.go:247.22,249.3 1 1
github.com/gogpu/gogpu/app.go:250.2,250.24 1 1
github.com/gogpu/gogpu/app.go:256.44,257.22 1 1
github.com/gogpu/gogpu/app.go:257.22,259.3 1 1
github.com/gogpu/gogpu/app.go:260.2,260.22 1 0
github.com/gogpu/gogpu/app.go:275.27,282.16 4 0
github.com/gogpu/gogpu/app.go:282.16,284.3 1 0
github.com/gogpu/gogpu/app.go:285.2,287.51 2 0
github.com/gogpu/gogpu/app.go:287.51,292.3 4 0
github.com/gogpu/gogpu/app.go:294.2,310.15 2 0
github.com/gogpu/gogpu/app.go:310.15,311.45 1 0
github.com/gogpu/gogpu/app.go:311.45,314.24 3 0
github.com/gogpu/gogpu/app.go:314.24,316.5 1 0
github.com/gogpu/gogpu/app.go:317.4,317.24 1 0
github.com/gogpu/gogpu/app.go:317.24,319.5 1 0
github.com/gogpu/gogpu/app.go:321.3,321.45 1 0
github.com/gogpu/gogpu/app.go:321.45,323.4 1 0
github.com/gogpu/gogpu/app.go:324.3,326.45 3 0
github.com/gogpu/gogpu/app.go:326.45,328.4 1 0
github.com/gogpu/gogpu/app.go:329.3,329.22 1 0
github.com/gogpu/gogpu/app.go:332.2,343.33 4 0
github.com/gogpu/gogpu/app.go:343.33,345.3 1 0
github.com/gogpu/gogpu/app.go:346.2,351.72 5 0
github.com/gogpu/gogpu/app.go:351.72,357.54 4 0
github.com/gogpu/gogpu/app.go:357.54,360.4 1 0
github.com/gogpu/gogpu/app.go:364.3,368.30 2 0
github.com/gogpu/gogpu/app.go:368.30,370.4 1 0
github.com/gogpu/gogpu/app.go:373.3,380.24 4 0
github.com/gogpu/gogpu/app.go:380.24,382.4 1 0
github.com/gogpu/gogpu/app.go:386.3,386.26 1 0
github.com/gogpu/gogpu/app.go:386.26,388.4 1 0
github.com/gogpu/gogpu/app.go:393.3,393.24 1 0
github.com/gogpu/gogpu/app.go:393.24,395.4 1 0
github.com/gogpu/gogpu/app.go:398.3,398.30 1 0
github.com/gogpu/gogpu/app.go:398.30,400.4 1 0
github.com/gogpu/gogpu/app.go:405.3,405.38 1 0
github.com/gogpu/gogpu/app.go:405.38,407.4 1 0
github.com/gogpu/gogpu/app.go:410.2,411.12 2 0
github.com/gogpu/gogpu/app.go:416.63,420.41 3 0
github.com/gogpu/gogpu/app.go:420.41,422.3 1 0
github.com/gogpu/gogpu/app.go:425.2,425.28 1 0
github.com/gogpu/gogpu/app.go:425.28,427.3 1 0
github.com/gogpu/gogpu/app.go:430.2,430.45 1 0
github.com/gogpu/gogpu/app.go:430.45,432.3 1 0
github.com/gogpu/gogpu/app.go:434.2,434.37 1 0
github.com/gogpu/gogpu/app.go:434.37,435.53 1 0
github.com/gogpu/gogpu/app.go:435.53,436.59 1 0
github.com/gogpu/gogpu/app.go:436.59,437.32 1 0
github.com/gogpu/gogpu/app.go:437.32,445.6 1 0
github.com/gogpu/gogpu/app.go:448.3,448.33 1 0
github.com/gogpu/gogpu/app.go:452.2,460.16 2 0
github.com/gogpu/gogpu/app.go:460.16,462.3 1 0
github.com/gogpu/gogpu/app.go:465.2,467.30 2 0
github.com/gogpu/gogpu/app.go:467.30,469.3 1 0
github.com/gogpu/gogpu/app.go:475.2,494.24 4 0
github.com/gogpu/gogpu/app.go:499.70,502.44 2 0
github.com/gogpu/gogpu/app.go:502.44,506.3 1 0
github.com/gogpu/gogpu/app.go:507.2,507.20 1 0
github.com/gogpu/gogpu/app.go:507.20,509.3 1 0
github.com/gogpu/gogpu/app.go:511.2,511.12 1 0
github.com/gogpu/gogpu/app.go:520.42,526.6 3 0
github.com/gogpu/gogpu/app.go:526.6,528.39 2 0
github.com/gogpu/gogpu/app.go:528.39,529.9 1 0
github.com/gogpu/gogpu/app.go:531.3,531.33 1 0
github.com/gogpu/gogpu/app.go:535.2,536.24 2 0
github.com/gogpu/gogpu/app.go:536.24,538.3 1 0
github.com/gogpu/gogpu/app.go:542.2,542.76 1 0
github.com/gogpu/gogpu/app.go:542.76,545.29 2 0
github.com/gogpu/gogpu/app.go:545.29,547.4 1 0
github.com/gogpu/gogpu/app.go:550.3,550.24 1 0
github.com/gogpu/gogpu/app.go:550.24,552.4 1 0
github.com/gogpu/gogpu/app.go:555.3,555.20 1 0
github.com/gogpu/gogpu/app.go:559.2,559.34 1 0
github.com/gogpu/gogpu/app.go:559.34,561.3 1 0
github.com/gogpu/gogpu/app.go:564.2,564.26 1 0
github.com/gogpu/gogpu/app.go:564.26,566.3 1 0
github.com/gogpu/gogpu/app.go:570.56,572.34 2 1
github.com/gogpu/gogpu/app.go:572.34,574.3 1 1
github.com/gogpu/gogpu/app.go:575.2,576.28 2 1
github.com/gogpu/gogpu/app.go:576.28,578.45 2 0
github.com/gogpu/gogpu/app.go:578.45,580.4 1 0
github.com/gogpu/gogpu/app.go:582.2,582.23 1 1
github.com/gogpu/gogpu/app.go:582.23,584.3 1 1
github.com/gogpu/gogpu/app.go:585.2,585.19 1 1
github.com/gogpu/gogpu/app.go:592.151,596.20 2 1
github.com/gogpu/gogpu/app.go:597.28,598.16 1 1
github.com/gogpu/gogpu/app.go:598.16,600.4 1 1
github.com/gogpu/gogpu/app.go:600.9,602.4 1 1
github.com/gogpu/gogpu/app.go:603.27,604.28 1 1
github.com/gogpu/gogpu/app.go:605.27,607.20 2 1
github.com/gogpu/gogpu/app.go:607.20,608.70 1 1
github.com/gogpu/gogpu/app.go:608.70,610.5 1 1
github.com/gogpu/gogpu/app.go:612.3,612.27 1 1
github.com/gogpu/gogpu/app.go:612.27,614.4 1 0
github.com/gogpu/gogpu/app.go:615.3,615.20 1 1
github.com/gogpu/gogpu/app.go:617.29,618.34 1 1
github.com/gogpu/gogpu/app.go:619.27,620.35 1 0
github.com/gogpu/gogpu/app.go:621.26,622.29 1 1
github.com/gogpu/gogpu/app.go:624.58,625.32 1 1
github.com/gogpu/gogpu/app.go:626.28,627.31 1 1
github.com/gogpu/gogpu/app.go:629.2,629.37 1 1
github.com/gogpu/gogpu/app.go:633.69,638.2 4 1
github.com/gogpu/gogpu/app.go:640.107,641.14 1 1
github.com/gogpu/gogpu/app.go:641.14,643.3 1 1
github.com/gogpu/gogpu/app.go:644.2,644.36 1 1
github.com/gogpu/gogpu/app.go:644.36,646.3 1 1
github.com/gogpu/gogpu/app.go:647.2,647.39 1 1
github.com/gogpu/gogpu/app.go:647.39,649.3 1 1
github.com/gogpu/gogpu/app.go:652.101,653.26 1 1
github.com/gogpu/gogpu/app.go:653.26,655.3 1 1
github.com/gogpu/gogpu/app.go:656.2,656.13 1 1
github.com/gogpu/gogpu/app.go:656.13,658.3 1 1
github.com/gogpu/gogpu/app.go:658.8,660.3 1 1
github.com/gogpu/gogpu/app.go:663.73,664.25 1 1
github.com/gogpu/gogpu/app.go:664.25,666.3 1 1
github.com/gogpu/gogpu/app.go:667.2,668.34 2 1
github.com/gogpu/gogpu/app.go:668.34,670.3 1 1
github.com/gogpu/gogpu/app.go:674.56,676.38 2 1
github.com/gogpu/gogpu/app.go:676.38,678.3 1 1
github.com/gogpu/gogpu/app.go:679.2,679.26 1 1
github.com/gogpu/gogpu/app.go:679.26,681.3 1 1
github.com/gogpu/gogpu/app.go:685.59,687.36 2 1
github.com/gogpu/gogpu/app.go:687.36,689.3 1 1
github.com/gogpu/gogpu/app.go:690.2,690.26 1 1
github.com/gogpu/gogpu/app.go:690.26,692.3 1 1
github.com/gogpu/gogpu/app.go:693.2,693.46 1 1
github.com/gogpu/gogpu/app.go:697.58,699.35 2 1
github.com/gogpu/gogpu/app.go:699.35,701.3 1 1
github.com/gogpu/gogpu/app.go:702.2,702.26 1 1
github.com/gogpu/gogpu/app.go:702.26,704.3 1 1
github.com/gogpu/gogpu/app.go:705.2,705.25 1 1
github.com/gogpu/gogpu/app.go:705.25,707.3 1 1
github.com/gogpu/gogpu/app.go:711.55,713.14 2 1
github.com/gogpu/gogpu/app.go:713.14,715.3 1 0
github.com/gogpu/gogpu/app.go:717.2,717.22 1 1
github.com/gogpu/gogpu/app.go:717.22,719.3 1 1
github.com/gogpu/gogpu/app.go:721.2,726.15 3 1
github.com/gogpu/gogpu/app.go:726.15,729.24 3 1
github.com/gogpu/gogpu/app.go:729.24,731.4 1 0
github.com/gogpu/gogpu/app.go:735.2,735.62 1 1
github.com/gogpu/gogpu/app.go:735.62,737.3 1 1
github.com/gogpu/gogpu/app.go:750.73,765.2 5 0
github.com/gogpu/gogpu/app.go:771.40,775.43 3 0
github.com/gogpu/gogpu/app.go:775.43,777.29 2 0
github.com/gogpu/gogpu/app.go:777.29,778.12 1 0
github.com/gogpu/gogpu/app.go:780.3,781.25 2 0
github.com/gogpu/gogpu/app.go:781.25,782.12 1 0
github.com/gogpu/gogpu/app.go:784.3,785.20 2 0
github.com/gogpu/gogpu/app.go:785.20,791.32 1 0
github.com/gogpu/gogpu/app.go:791.32,791.57 1 0
github.com/gogpu/gogpu/app.go:793.3,799.5 1 0
github.com/gogpu/gogpu/app.go:801.2,803.22 2 0
github.com/gogpu/gogpu/app.go:803.22,805.3 1 0
github.com/gogpu/gogpu/app.go:808.2,808.44 1 0
github.com/gogpu/gogpu/app.go:808.44,810.58 1 0
github.com/gogpu/gogpu/app.go:810.58,811.33 1 0
github.com/gogpu/gogpu/app.go:811.33,813.5 1 0
github.com/gogpu/gogpu/app.go:817.3,819.32 2 0
github.com/gogpu/gogpu/app.go:819.32,821.17 2 0
github.com/gogpu/gogpu/app.go:821.17,822.13 1 0
github.com/gogpu/gogpu/app.go:828.4,838.23 5 0
github.com/gogpu/gogpu/app.go:838.23,840.5 1 0
github.com/gogpu/gogpu/app.go:841.4,842.35 2 0
github.com/gogpu/gogpu/app.go:846.3,846.31 1 0
github.com/gogpu/gogpu/app.go:860.32,867.23 4 0
github.com/gogpu/gogpu/app.go:867.23,869.3 1 0
github.com/gogpu/gogpu/app.go:872.2,872.25 1 0
github.com/gogpu/gogpu/app.go:872.25,874.3 1 0
github.com/gogpu/gogpu/app.go:877.2,877.23 1 0
github.com/gogpu/gogpu/app.go:877.23,879.3 1 0
github.com/gogpu/gogpu/app.go:884.2,884.25 1 0
github.com/gogpu/gogpu/app.go:884.25,886.3 1 0
github.com/gogpu/gogpu/app.go:887.2,888.29 2 0
github.com/gogpu/gogpu/app.go:888.29,890.3 1 0
github.com/gogpu/gogpu/app.go:893.2,898.26 2 0
github.com/gogpu/gogpu/app.go:903.39,905.22 2 0
github.com/gogpu/gogpu/app.go:905.22,907.3 1 0
github.com/gogpu/gogpu/app.go:912.22,914.2 1 1
github.com/gogpu/gogpu/app.go:920.31,921.26 1 1
github.com/gogpu/gogpu/app.go:921.26,923.3 1 1
github.com/gogpu/gogpu/app.go:929.48,933.2 3 1
github.com/gogpu/gogpu/app.go:937.42,938.25 1 1
github.com/gogpu/gogpu/app.go:938.25,940.3 1 1
github.com/gogpu/gogpu/app.go:941.2,941.40 1 1
github.com/gogpu/gogpu/app.go:946.50,947.25 1 1
github.com/gogpu/gogpu/app.go:947.25,949.3 1 1
github.com/gogpu/gogpu/app.go:950.2,950.40 1 1
github.com/gogpu/gogpu/app.go:963.37,964.25 1 1
github.com/gogpu/gogpu/app.go:964.25,966.3 1 1
github.com/gogpu/gogpu/app.go:967.2,967.22 1 1
github.com/gogpu/gogpu/app.go:967.22,968.59 1 1
github.com/gogpu/gogpu/app.go:968.59,970.4 1 1
github.com/gogpu/gogpu/app.go:972.2,972.37 1 1
github.com/gogpu/gogpu/app.go:977.47,978.22 1 1
github.com/gogpu/gogpu/app.go:978.22,980.3 1 1
github.com/gogpu/gogpu/app.go:981.2,981.16 1 1
github.com/gogpu/gogpu/app.go:986.49,987.22 1 1
github.com/gogpu/gogpu/app.go:987.22,989.3 1 1
github.com/gogpu/gogpu/app.go:990.2,990.12 1 1
github.com/gogpu/gogpu/app.go:1001.76,1002.22 1 1
github.com/gogpu/gogpu/app.go:1002.22,1004.3 1 1
github.com/gogpu/gogpu/app.go:1005.2,1005.17 1 1
github.com/gogpu/gogpu/app.go:1010.74,1011.22 1 1
github.com/gogpu/gogpu/app.go:1011.22,1013.3 1 1
github.com/gogpu/gogpu/app.go:1014.2,1014.16 1 1
github.com/gogpu/gogpu/app.go:1019.56,1020.25 1 1
github.com/gogpu/gogpu/app.go:1020.25,1022.3 1 1
github.com/gogpu/gogpu/app.go:1043.57,1044.25 1 0
github.com/gogpu/gogpu/app.go:1044.25,1046.3 1 0
github.com/gogpu/gogpu/app.go:1050.50,1051.25 1 0
github.com/gogpu/gogpu/app.go:1051.25,1053.3 1 0
github.com/gogpu/gogpu/app.go:1054.2,1054.36 1 0
github.com/gogpu/gogpu/app.go:1059.31,1060.22 1 1
github.com/gogpu/gogpu/app.go:1060.22,1062.3 1 1
github.com/gogpu/gogpu/app.go:1063.2,1063.14 1 1
github.com/gogpu/gogpu/app.go:1068.35,1069.22 1 1
github.com/gogpu/gogpu/app.go:1069.22,1071.3 1 1
github.com/gogpu/gogpu/app.go:1072.2,1072.14 1 1
github.com/gogpu/gogpu/app.go:1077.35,1078.22 1 1
github.com/gogpu/gogpu/app.go:1078.22,1080.3 1 1
github.com/gogpu/gogpu/app.go:1081.2,1081.14 1 1
github.com/gogpu/gogpu/app.go:1086.35,1087.22 1 1
github.com/gogpu/gogpu/app.go:1087.22,1089.3 1 1
github.com/gogpu/gogpu/app.go:1090.2,1090.12 1 1
github.com/gogpu/gogpu/app.go:1096.58,1097.22 1 1
github.com/gogpu/gogpu/app.go:1097.22,1099.3 1 1
github.com/gogpu/gogpu/app.go:1100.2,1100.32 1 1
github.com/gogpu/gogpu/app.go:1105.44,1106.25 1 1
github.com/gogpu/gogpu/app.go:1106.25,1108.3 1 1
github.com/gogpu/gogpu/app.go:1113.34,1114.25 1 1
github.com/gogpu/gogpu/app.go:1114.25,1116.3 1 1
github.com/gogpu/gogpu/app.go:1117.2,1117.14 1 1
github.com/gogpu/gogpu/app.go:1122.71,1124.25 2 1
github.com/gogpu/gogpu/app.go:1124.25,1126.3 1 1
github.com/gogpu/gogpu/app.go:1129.38,1132.47 2 1
github.com/gogpu/gogpu/app.go:1132.47,1133.17 1 1
github.com/gogpu/gogpu/app.go:1133.17,1135.5 1 1
github.com/gogpu/gogpu/app.go:1136.4,1136.35 1 1
github.com/gogpu/gogpu/app.go:1143.26,1144.25 1 1
github.com/gogpu/gogpu/app.go:1144.25,1146.3 1 1
github.com/gogpu/gogpu/app.go:1151.26,1152.25 1 1
github.com/gogpu/gogpu/app.go:1152.25,1154.3 1 1
github.com/gogpu/gogpu/app.go:1159.34,1160.25 1 1
github.com/gogpu/gogpu/app.go:1160.25,1162.3 1 1
github.com/gogpu/gogpu/app.go:1163.2,1163.14 1 1
github.com/gogpu/gogpu/app.go:1172.46,1173.25 1 0
github.com/gogpu/gogpu/app.go:1173.25,1175.3 1 0
github.com/gogpu/gogpu/app.go:1180.35,1181.25 1 0
github.com/gogpu/gogpu/app.go:1181.25,1183.3 1 0
github.com/gogpu/gogpu/app.go:1184.2,1184.14 1 0
github.com/gogpu/gogpu/app.go:1189.34,1191.2 1 0
github.com/gogpu/gogpu/app.go:1195.23,1196.25 1 1
github.com/gogpu/gogpu/app.go:1196.25,1198.3 1 1
github.com/gogpu/gogpu/app.go:1203.35,1206.2 2 1
github.com/gogpu/gogpu/app.go:1211.54,1212.38 1 1
github.com/gogpu/gogpu/app.go:1212.38,1213.25 1 0
github.com/gogpu/gogpu/app.go:1213.25,1217.4 3 0
github.com/gogpu/gogpu/app.go:1219.2,1220.22 2 1
github.com/gogpu/gogpu/app.go:1223.34,1224.22 1 1
github.com/gogpu/gogpu/app.go:1224.22,1226.3 1 0
github.com/gogpu/gogpu/app.go:1227.2,1228.9 2 1
github.com/gogpu/gogpu/app.go:1228.9,1230.3 1 0
github.com/gogpu/gogpu/app.go:1232.2,1235.19 2 1
github.com/gogpu/gogpu/app.go:1235.19,1237.3 1 1
github.com/gogpu/gogpu/app.go:1240.2,1240.38 1 1
github.com/gogpu/gogpu/app.go:1240.38,1249.3 1 1
github.com/gogpu/gogpu/app.go:1251.2,1251.34 1 1
github.com/gogpu/gogpu/app.go:1254.80,1256.27 2 1
github.com/gogpu/gogpu/app.go:1256.27,1264.24 2 1
github.com/gogpu/gogpu/app.go:1264.24,1266.4 1 0
github.com/gogpu/gogpu/app.go:1268.2,1268.12 1 1
github.com/gogpu/gogpu/app.go:1274.64,1275.22 1 0
github.com/gogpu/gogpu/app.go:1275.22,1276.38 1 0
github.com/gogpu/gogpu/app.go:1276.38,1278.4 1 0
github.com/gogpu/gogpu/app.go:1279.3,1282.4 1 0
github.com/gogpu/gogpu/app.go:1284.2,1284.57 1 0
github.com/gogpu/gogpu/app.go:1284.57,1289.3 1 0
github.com/gogpu/gogpu/app.go:1290.2,1290.12 1 0
github.com/gogpu/gogpu/app.go:1299.31,1301.2 1 1
github.com/gogpu/gogpu/app.go:1318.47,1319.23 1 1
github.com/gogpu/gogpu/app.go:1319.23,1321.3 1 1
github.com/gogpu/gogpu/app.go:1322.2,1322.54 1 0
github.com/gogpu/gogpu/app.go:1327.71,1328.25 1 1
github.com/gogpu/gogpu/app.go:1328.25,1330.3 1 1
github.com/gogpu/gogpu/app.go:1333.2,1336.51 2 1
github.com/gogpu/gogpu/app.go:1336.51,1338.3 1 1
github.com/gogpu/gogpu/app.go:1340.2,1341.38 2 1
github.com/gogpu/gogpu/app.go:1341.38,1343.3 1 0
github.com/gogpu/gogpu/app.go:1345.2,1345.17 1 1
github.com/gogpu/gogpu/app.go:1346.30,1347.47 1 1
github.com/gogpu/gogpu/app.go:1348.28,1349.48 1 1
github.com/gogpu/gogpu/app.go:1357.60,1358.13 1 1
github.com/gogpu/gogpu/app.go:1360.23,1361.20 1 1
github.com/gogpu/gogpu/app.go:1362.23,1363.20 1 1
github.com/gogpu/gogpu/app.go:1364.23,1365.20 1 1
github.com/gogpu/gogpu/app.go:1366.23,1367.20 1 1
github.com/gogpu/gogpu/app.go:1368.23,1369.20 1 1
github.com/gogpu/gogpu/app.go:1370.23,1371.20 1 1
github.com/gogpu/gogpu/app.go:1372.23,1373.20 1 1
github.com/gogpu/gogpu/app.go:1374.23,1375.20 1 1
github.com/gogpu/gogpu/app.go:1376.23,1377.20 1 1
github.com/gogpu/gogpu/app.go:1378.23,1379.20 1 1
github.com/gogpu/gogpu/app.go:1380.23,1381.20 1 1
github.com/gogpu/gogpu/app.go:1382.23,1383.20 1 1
github.com/gogpu/gogpu/app.go:1384.23,1385.20 1 1
github.com/gogpu/gogpu/app.go:1386.23,1387.20 1 1
github.com/gogpu/gogpu/app.go:1388.23,1389.20 1 1
github.com/gogpu/gogpu/app.go:1390.23,1391.20 1 1
github.com/gogpu/gogpu/app.go:1392.23,1393.20 1 1
github.com/gogpu/gogpu/app.go:1394.23,1395.20 1 1
github.com/gogpu/gogpu/app.go:1396.23,1397.20 1 1
github.com/gogpu/gogpu/app.go:1398.23,1399.20 1 1
github.com/gogpu/gogpu/app.go:1400.23,1401.20 1 1
github.com/gogpu/gogpu/app.go:1402.23,1403.20 1 1
github.com/gogpu/gogpu/app.go:1404.23,1405.20 1 1
github.com/gogpu/gogpu/app.go:1406.23,1407.20 1 1
github.com/gogpu/gogpu/app.go:1408.23,1409.20 1 1
github.com/gogpu/gogpu/app.go:1410.23,1411.20 1 1
github.com/gogpu/gogpu/app.go:1414.23,1415.20 1 1
github.com/gogpu/gogpu/app.go:1416.23,1417.20 1 1
github.com/gogpu/gogpu/app.go:1418.23,1419.20 1 1
github.com/gogpu/gogpu/app.go:1420.23,1421.20 1 1
github.com/gogpu/gogpu/app.go:1422.23,1423.20 1 1
github.com/gogpu/gogpu/app.go:1424.23,1425.20 1 1
github.com/gogpu/gogpu/app.go:1426.23,1427.20 1 1
github.com/gogpu/gogpu/app.go:1428.23,1429.20 1 1
github.com/gogpu/gogpu/app.go:1430.23,1431.20 1 1
github.com/gogpu/gogpu/app.go:1432.23,1433.20 1 1
github.com/gogpu/gogpu/app.go:1436.24,1437.21 1 1
github.com/gogpu/gogpu/app.go:1438.24,1439.21 1 1
github.com/gogpu/gogpu/app.go:1440.24,1441.21 1 1
github.com/gogpu/gogpu/app.go:1442.24,1443.21 1 1
github.com/gogpu/gogpu/app.go:1444.24,1445.21 1 1
github.com/gogpu/gogpu/app.go:1446.24,1447.21 1 1
github.com/gogpu/gogpu/app.go:1448.24,1449.21 1 1
github.com/gogpu/gogpu/app.go:1450.24,1451.21 1 1
github.com/gogpu/gogpu/app.go:1452.24,1453.21 1 1
github.com/gogpu/gogpu/app.go:1454.25,1455.22 1 1
github.com/gogpu/gogpu/app.go:1456.25,1457.22 1 1
github.com/gogpu/gogpu/app.go:1458.25,1459.22 1 1
github.com/gogpu/gogpu/app.go:1462.28,1463.25 1 1
github.com/gogpu/gogpu/app.go:1464.25,1465.22 1 1
github.com/gogpu/gogpu/app.go:1466.31,1467.28 1 1
github.com/gogpu/gogpu/app.go:1468.27,1469.24 1 1
github.com/gogpu/gogpu/app.go:1470.27,1471.24 1 1
github.com/gogpu/gogpu/app.go:1472.28,1473.25 1 1
github.com/gogpu/gogpu/app.go:1474.28,1475.25 1 1
github.com/gogpu/gogpu/app.go:1476.26,1477.23 1 1
github.com/gogpu/gogpu/app.go:1478.25,1479.22 1 1
github.com/gogpu/gogpu/app.go:1480.28,1481.25 1 1
github.com/gogpu/gogpu/app.go:1482.30,1483.27 1 1
github.com/gogpu/gogpu/app.go:1484.26,1485.23 1 1
github.com/gogpu/gogpu/app.go:1486.27,1487.24 1 1
github.com/gogpu/gogpu/app.go:1488.24,1489.21 1 1
github.com/gogpu/gogpu/app.go:1490.26,1491.23 1 1
github.com/gogpu/gogpu/app.go:1494.31,1495.28 1 1
github.com/gogpu/gogpu/app.go:1496.32,1497.29 1 1
github.com/gogpu/gogpu/app.go:1498.33,1499.30 1 1
github.com/gogpu/gogpu/app.go:1500.34,1501.31 1 1
github.com/gogpu/gogpu/app.go:1502.29,1503.26 1 1
github.com/gogpu/gogpu/app.go:1504.30,1505.27 1 1
github.com/gogpu/gogpu/app.go:1506.31,1507.28 1 1
github.com/gogpu/gogpu/app.go:1508.32,1509.29 1 1
github.com/gogpu/gogpu/app.go:1512.27,1513.24 1 1
github.com/gogpu/gogpu/app.go:1514.27,1515.24 1 1
github.com/gogpu/gogpu/app.go:1516.33,1517.30 1 1
github.com/gogpu/gogpu/app.go:1518.34,1519.31 1 1
github.com/gogpu/gogpu/app.go:1520.31,1521.28 1 1
github.com/gogpu/gogpu/app.go:1522.31,1523.28 1 1
github.com/gogpu/gogpu/app.go:1524.32,1525.29 1 1
github.com/gogpu/gogpu/app.go:1526.27,1527.24 1 1
github.com/gogpu/gogpu/app.go:1528.27,1529.24 1 1
github.com/gogpu/gogpu/app.go:1530.28,1531.25 1 1
github.com/gogpu/gogpu/app.go:1532.27,1533.24 1 1
github.com/gogpu/gogpu/app.go:1536.29,1537.26 1 1
github.com/gogpu/gogpu/app.go:1538.29,1539.26 1 1
github.com/gogpu/gogpu/app.go:1540.29,1541.26 1 1
github.com/gogpu/gogpu/app.go:1542.29,1543.26 1 1
github.com/gogpu/gogpu/app.go:1544.29,1545.26 1 1
github.com/gogpu/gogpu/app.go:1546.29,1547.26 1 1
github.com/gogpu/gogpu/app.go:1548.29,1549.26 1 1
github.com/gogpu/gogpu/app.go:1550.29,1551.26 1 1
github.com/gogpu/gogpu/app.go:1552.29,1553.26 1 1
github.com/gogpu/gogpu/app.go:1554.29,1555.26 1 1
github.com/gogpu/gogpu/app.go:1556.35,1557.32 1 1
github.com/gogpu/gogpu/app.go:1558.34,1559.31 1 1
github.com/gogpu/gogpu/app.go:1560.36,1561.33 1 1
github.com/gogpu/gogpu/app.go:1562.36,1563.33 1 1
github.com/gogpu/gogpu/app.go:1564.31,1565.28 1 1
github.com/gogpu/gogpu/app.go:1566.33,1567.30 1 1
github.com/gogpu/gogpu/app.go:1570.30,1571.27 1 1
github.com/gogpu/gogpu/app.go:1572.32,1573.29 1 1
github.com/gogpu/gogpu/app.go:1574.29,1575.26 1 1
github.com/gogpu/gogpu/app.go:1576.27,1577.24 1 1
github.com/gogpu/gogpu/app.go:1579.10,1580.26 1 1
github.com/gogpu/gogpu/app.go:1585.80,1586.16 1 1
github.com/gogpu/gogpu/app.go:1587.29,1588.31 1 1
github.com/gogpu/gogpu/app.go:1589.30,1590.32 1 1
github.com/gogpu/gogpu/app.go:1591.31,1592.33 1 1
github.com/gogpu/gogpu/app.go:1593.27,1594.28 1 1
github.com/gogpu/gogpu/app.go:1595.27,1596.28 1 1
github.com/gogpu/gogpu/app.go:1597.10,1598.31 1 1
github.com/gogpu/gogpu/config.go:131.29,144.2 1 1
github.com/gogpu/gogpu/config.go:147.45,149.11 2 1
github.com/gogpu/gogpu/config.go:150.23,151.33 1 1
github.com/gogpu/gogpu/config.go:152.35,153.31 1 1
github.com/gogpu/gogpu/config.go:154.16,155.32 1 1
github.com/gogpu/gogpu/config.go:156.31,157.31 1 1
github.com/gogpu/gogpu/config.go:158.33,159.35 1 1
github.com/gogpu/gogpu/config.go:160.10,161.31 1 1
github.com/gogpu/gogpu/config.go:166.56,167.62 1 1
github.com/gogpu/gogpu/config.go:168.39,169.42 1 0
github.com/gogpu/gogpu/config.go:170.45,171.49 1 0
github.com/gogpu/gogpu/config.go:172.10,173.38 1 1
github.com/gogpu/gogpu/config.go:178.37,179.57 1 1
github.com/gogpu/gogpu/config.go:180.14,181.23 1 0
github.com/gogpu/gogpu/config.go:182.14,183.23 1 0
github.com/gogpu/gogpu/config.go:184.10,185.24 1 1
github.com/gogpu/gogpu/config.go:190.48,193.2 2 1
github.com/gogpu/gogpu/config.go:196.52,200.2 3 1
github.com/gogpu/gogpu/config.go:206.63,209.2 2 1
github.com/gogpu/gogpu/config.go:216.63,219.2 2 1
github.com/gogpu/gogpu/config.go:224.46,227.2 2 0
github.com/gogpu/gogpu/config.go:232.62,235.2 2 1
github.com/gogpu/gogpu/config.go:243.41,246.2 2 0
github.com/gogpu/gogpu/config.go:251.54,254.2 2 1
github.com/gogpu/gogpu/config.go:260.75,263.2 2 0
github.com/gogpu/gogpu/config.go:268.56,271.2 2 0
github.com/gogpu/gogpu/config.go:281.58,284.2 2 1
github.com/gogpu/gogpu/config.go:287.57,290.2 2 1
github.com/gogpu/gogpu/config.go:293.49,296.2 2 0
github.com/gogpu/gogpu/config.go:301.54,304.2 2 1
github.com/gogpu/gogpu/context.go:29.67,30.22 1 1
github.com/gogpu/gogpu/context.go:30.22,32.3 1 1
github.com/gogpu/gogpu/context.go:33.2,36.3 1 1
github.com/gogpu/gogpu/context.go:41.95,42.22 1 0
github.com/gogpu/gogpu/context.go:42.22,44.3 1 0
github.com/gogpu/gogpu/context.go:45.2,49.3 1 0
github.com/gogpu/gogpu/context.go:53.49,54.22 1 1
github.com/gogpu/gogpu/context.go:54.22,56.3 1 0
github.com/gogpu/gogpu/context.go:57.2,57.27 1 1
github.com/gogpu/gogpu/context.go:68.59,70.2 1 0
github.com/gogpu/gogpu/context.go:74.45,77.2 2 0
github.com/gogpu/gogpu/context.go:80.49,82.2 1 0
github.com/gogpu/gogpu/context.go:87.46,90.2 2 1
github.com/gogpu/gogpu/context.go:93.31,96.2 2 1
github.com/gogpu/gogpu/context.go:99.32,102.2 2 1
github.com/gogpu/gogpu/context.go:106.57,108.2 1 1
github.com/gogpu/gogpu/context.go:111.42,114.2 2 1
github.com/gogpu/gogpu/context.go:117.43,120.2 2 1
github.com/gogpu/gogpu/context.go:124.41,126.2 1 1
github.com/gogpu/gogpu/context.go:129.41,131.12 2 1
github.com/gogpu/gogpu/context.go:131.12,133.3 1 1
github.com/gogpu/gogpu/context.go:134.2,134.32 1 1
github.com/gogpu/gogpu/context.go:139.51,141.2 1 1
github.com/gogpu/gogpu/context.go:145.36,147.2 1 1
github.com/gogpu/gogpu/context.go:152.66,157.2 3 0
github.com/gogpu/gogpu/context.go:160.59,163.2 2 0
github.com/gogpu/gogpu/context.go:168.40,170.2 1 1
github.com/gogpu/gogpu/context.go:178.51,180.30 2 1
github.com/gogpu/gogpu/context.go:180.30,182.3 1 1
github.com/gogpu/gogpu/context.go:183.2,184.23 2 0
github.com/gogpu/gogpu/context.go:192.49,193.16 1 1
github.com/gogpu/gogpu/context.go:193.16,195.3 1 1
github.com/gogpu/gogpu/context.go:196.2,197.9 2 1
github.com/gogpu/gogpu/context.go:197.9,199.3 1 1
github.com/gogpu/gogpu/context.go:200.2,200.14 1 1
github.com/gogpu/gogpu/context.go:200.14,202.3 1 1
github.com/gogpu/gogpu/context.go:203.2,213.4 3 0
github.com/gogpu/gogpu/context.go:218.55,220.2 1 1
github.com/gogpu/gogpu/context.go:226.68,228.15 2 1
github.com/gogpu/gogpu/context.go:228.15,230.3 1 1
github.com/gogpu/gogpu/context.go:231.2,231.54 1 0
github.com/gogpu/gogpu/context.go:235.62,235.92 1 1
github.com/gogpu/gogpu/context.go:238.61,238.97 1 1
github.com/gogpu/gogpu/context.go:242.71,244.2 1 0
github.com/gogpu/gogpu/context.go:249.74,251.2 1 0
github.com/gogpu/gogpu/context.go:256.45,261.30 2 1
github.com/gogpu/gogpu/context.go:261.30,263.3 1 1
github.com/gogpu/gogpu/context.go:264.2,265.42 2 1
github.com/gogpu/gogpu/context.go:265.42,267.3 1 0
github.com/gogpu/gogpu/context.go:268.2,268.12 1 1
github.com/gogpu/gogpu/context.go:273.56,276.2 2 1
github.com/gogpu/gogpu/context_texture.go:55.65,56.45 1 1
github.com/gogpu/gogpu/context_texture.go:56.45,58.3 1 1
github.com/gogpu/gogpu/context_texture.go:60.2,64.4 1 0
github.com/gogpu/gogpu/context_texture.go:82.77,83.45 1 1
github.com/gogpu/gogpu/context_texture.go:83.45,85.3 1 1
github.com/gogpu/gogpu/context_texture.go:87.2,87.20 1 1
github.com/gogpu/gogpu/context_texture.go:87.20,89.3 1 1
github.com/gogpu/gogpu/context_texture.go:91.2,97.4 1 0
github.com/gogpu/gogpu/context_texture.go:119.78,120.45 1 1
github.com/gogpu/gogpu/context_texture.go:120.45,122.3 1 1
github.com/gogpu/gogpu/context_texture.go:124.2,124.39 1 1
github.com/gogpu/gogpu/context_texture.go:124.39,126.3 1 1
github.com/gogpu/gogpu/context_texture.go:129.2,129.21 1 1
github.com/gogpu/gogpu/context_texture.go:129.21,131.3 1 1
github.com/gogpu/gogpu/context_texture.go:132.2,132.22 1 1
github.com/gogpu/gogpu/context_texture.go:132.22,134.3 1 1
github.com/gogpu/gogpu/context_texture.go:135.2,135.21 1 1
github.com/gogpu/gogpu/context_texture.go:135.21,137.3 1 1
github.com/gogpu/gogpu/context_texture.go:140.2,140.20 1 1
github.com/gogpu/gogpu/context_texture.go:140.20,142.3 1 1
github.com/gogpu/gogpu/context_texture.go:143.2,143.20 1 1
github.com/gogpu/gogpu/context_texture.go:143.20,145.3 1 1
github.com/gogpu/gogpu/context_texture.go:149.2,149.47 1 1
github.com/gogpu/gogpu/context_texture.go:153.42,154.16 1 1
github.com/gogpu/gogpu/context_texture.go:154.16,156.3 1 1
github.com/gogpu/gogpu/context_texture.go:159.2,159.24 1 1
github.com/gogpu/gogpu/context_texture.go:159.24,161.3 1 1
github.com/gogpu/gogpu/context_texture.go:163.2,163.12 1 1
github.com/gogpu/gogpu/context_texture.go:185.88,187.9 2 1
github.com/gogpu/gogpu/context_texture.go:187.9,189.3 1 1
github.com/gogpu/gogpu/context_texture.go:190.2,190.35 1 1
github.com/gogpu/gogpu/context_texture.go:194.75,196.2 1 1
github.com/gogpu/gogpu/context_texture.go:204.113,206.2 1 0
github.com/gogpu/gogpu/context_texture.go:216.62,221.2 1 1
github.com/gogpu/gogpu/device_provider.go:31.56,33.2 1 1
github.com/gogpu/gogpu/device_provider.go:36.54,37.30 1 1
github.com/gogpu/gogpu/device_provider.go:37.30,39.3 1 1
github.com/gogpu/gogpu/device_provider.go:40.2,40.34 1 0
github.com/gogpu/gogpu/device_provider.go:44.73,46.2 1 1
github.com/gogpu/gogpu/event_source.go:45.88,47.2 1 1
github.com/gogpu/gogpu/event_source.go:50.90,52.2 1 1
github.com/gogpu/gogpu/event_source.go:55.59,57.2 1 1
github.com/gogpu/gogpu/event_source.go:60.69,62.2 1 1
github.com/gogpu/gogpu/event_source.go:65.94,67.2 1 1
github.com/gogpu/gogpu/event_source.go:70.96,72.2 1 1
github.com/gogpu/gogpu/event_source.go:75.66,77.2 1 1
github.com/gogpu/gogpu/event_source.go:80.58,82.2 1 1
github.com/gogpu/gogpu/event_source.go:85.53,87.2 1 1
github.com/gogpu/gogpu/event_source.go:90.63,92.2 1 1
github.com/gogpu/gogpu/event_source.go:95.83,97.2 1 1
github.com/gogpu/gogpu/event_source.go:100.67,102.2 1 1
github.com/gogpu/gogpu/event_source.go:113.74,115.2 1 1
github.com/gogpu/gogpu/event_source.go:127.77,129.2 1 1
github.com/gogpu/gogpu/event_source.go:145.74,148.32 2 1
github.com/gogpu/gogpu/event_source.go:148.32,150.3 1 1
github.com/gogpu/gogpu/event_source.go:182.52,183.26 1 1
github.com/gogpu/gogpu/event_source.go:183.26,185.3 1 1
github.com/gogpu/gogpu/event_source.go:186.2,186.22 1 1
github.com/gogpu/gogpu/event_source.go:216.36,217.25 1 1
github.com/gogpu/gogpu/event_source.go:217.25,220.3 1 1
github.com/gogpu/gogpu/event_source.go:221.2,221.21 1 1
github.com/gogpu/gogpu/event_source.go:225.94,226.25 1 1
github.com/gogpu/gogpu/event_source.go:226.25,228.3 1 1
github.com/gogpu/gogpu/event_source.go:232.96,233.27 1 1
github.com/gogpu/gogpu/event_source.go:233.27,235.3 1 1
github.com/gogpu/gogpu/event_source.go:239.61,240.26 1 1
github.com/gogpu/gogpu/event_source.go:240.26,242.3 1 1
github.com/gogpu/gogpu/event_source.go:246.62,247.26 1 1
github.com/gogpu/gogpu/event_source.go:247.26,249.3 1 1
github.com/gogpu/gogpu/event_source.go:253.94,254.27 1 1
github.com/gogpu/gogpu/event_source.go:254.27,256.3 1 1
github.com/gogpu/gogpu/event_source.go:260.96,261.29 1 1
github.com/gogpu/gogpu/event_source.go:261.29,263.3 1 1
github.com/gogpu/gogpu/event_source.go:267.61,268.23 1 1
github.com/gogpu/gogpu/event_source.go:268.23,270.3 1 1
github.com/gogpu/gogpu/event_source.go:274.64,275.23 1 1
github.com/gogpu/gogpu/event_source.go:275.23,277.3 1 1
github.com/gogpu/gogpu/event_source.go:281.58,282.22 1 1
github.com/gogpu/gogpu/event_source.go:282.22,284.3 1 1
github.com/gogpu/gogpu/event_source.go:290.79,292.24 1 1
github.com/gogpu/gogpu/event_source.go:292.24,294.3 1 1
github.com/gogpu/gogpu/event_source.go:297.2,297.32 1 1
github.com/gogpu/gogpu/event_source.go:297.32,299.3 1 1
github.com/gogpu/gogpu/event_source.go:303.2,303.51 1 1
github.com/gogpu/gogpu/event_source.go:303.51,304.18 1 1
github.com/gogpu/gogpu/event_source.go:305.31,306.28 1 1
github.com/gogpu/gogpu/event_source.go:306.28,308.5 1 1
github.com/gogpu/gogpu/event_source.go:309.31,310.29 1 1
github.com/gogpu/gogpu/event_source.go:310.29,313.5 2 1
github.com/gogpu/gogpu/event_source.go:314.29,315.31 1 1
github.com/gogpu/gogpu/event_source.go:315.31,318.5 2 1
github.com/gogpu/gogpu/event_source.go:325.85,327.28 1 1
github.com/gogpu/gogpu/event_source.go:327.28,329.3 1 1
github.com/gogpu/gogpu/event_source.go:332.2,332.23 1 1
github.com/gogpu/gogpu/event_source.go:332.23,334.3 1 1
github.com/gogpu/gogpu/event_source.go:340.49,342.54 1 1
github.com/gogpu/gogpu/event_source.go:342.54,345.31 2 1
github.com/gogpu/gogpu/event_source.go:345.31,347.4 1 1
github.com/gogpu/gogpu/event_source.go:355.55,356.32 1 0
github.com/gogpu/gogpu/event_source.go:356.32,358.3 1 0
github.com/gogpu/gogpu/event_source.go:363.70,364.11 1 1
github.com/gogpu/gogpu/event_source.go:365.29,366.36 1 1
github.com/gogpu/gogpu/event_source.go:367.30,368.37 1 1
github.com/gogpu/gogpu/event_source.go:369.31,370.38 1 1
github.com/gogpu/gogpu/event_source.go:371.27,372.33 1 1
github.com/gogpu/gogpu/event_source.go:373.27,374.33 1 1
github.com/gogpu/gogpu/event_source.go:375.10,376.36 1 1
github.com/gogpu/gogpu/gesture.go:59.48,63.2 1 1
github.com/gogpu/gogpu/gesture.go:69.70,75.16 4 1
github.com/gogpu/gogpu/gesture.go:76.30,85.26 2 1
github.com/gogpu/gogpu/gesture.go:87.30,89.49 1 1
github.com/gogpu/gogpu/gesture.go:89.49,94.4 4 1
github.com/gogpu/gogpu/gesture.go:96.54,99.26 2 1
github.com/gogpu/gogpu/gesture.go:111.64,118.21 4 1
github.com/gogpu/gogpu/gesture.go:118.21,126.3 3 1
github.com/gogpu/gogpu/gesture.go:129.2,142.48 11 1
github.com/gogpu/gogpu/gesture.go:142.48,144.38 1 1
github.com/gogpu/gogpu/gesture.go:144.38,146.4 1 1
github.com/gogpu/gogpu/gesture.go:149.3,158.48 3 1
github.com/gogpu/gogpu/gesture.go:162.2,170.37 3 1
github.com/gogpu/gogpu/gesture.go:170.37,173.3 2 1
github.com/gogpu/gogpu/gesture.go:175.2,175.15 1 1
github.com/gogpu/gogpu/gesture.go:181.37,188.2 5 1
github.com/gogpu/gogpu/gesture.go:191.53,195.2 3 1
github.com/gogpu/gogpu/gesture.go:198.66,199.32 1 1
github.com/gogpu/gogpu/gesture.go:199.32,201.3 1 0
github.com/gogpu/gogpu/gesture.go:203.2,204.37 2 1
github.com/gogpu/gogpu/gesture.go:204.37,207.3 2 1
github.com/gogpu/gogpu/gesture.go:209.2,213.3 2 1
github.com/gogpu/gogpu/gesture.go:217.87,218.32 1 1
github.com/gogpu/gogpu/gesture.go:218.32,220.3 1 0
github.com/gogpu/gogpu/gesture.go:222.2,223.37 2 1
github.com/gogpu/gogpu/gesture.go:223.37,227.3 3 1
github.com/gogpu/gogpu/gesture.go:229.2,229.51 1 1
github.com/gogpu/gogpu/gesture.go:234.77,237.37 2 1
github.com/gogpu/gogpu/gesture.go:237.37,238.52 1 1
github.com/gogpu/gogpu/gesture.go:238.52,240.4 1 1
github.com/gogpu/gogpu/gesture.go:243.2,243.25 1 1
github.com/gogpu/gogpu/gesture.go:243.25,245.3 1 0
github.com/gogpu/gogpu/gesture.go:247.2,249.27 3 1
github.com/gogpu/gogpu/gesture.go:253.70,254.31 1 1
github.com/gogpu/gogpu/gesture.go:254.31,256.3 1 0
github.com/gogpu/gogpu/gesture.go:259.2,265.15 4 1
github.com/gogpu/gogpu/gesture.go:265.15,267.3 1 1
github.com/gogpu/gogpu/gesture.go:268.2,268.15 1 1
github.com/gogpu/gogpu/gesture.go:268.15,270.3 1 1
github.com/gogpu/gogpu/gesture.go:271.2,271.37 1 1
github.com/gogpu/gogpu/gesture.go:275.85,277.37 2 1
github.com/gogpu/gogpu/gesture.go:277.37,278.12 1 1
github.com/gogpu/gogpu/gesture.go:278.12,282.12 4 1
github.com/gogpu/gogpu/gesture.go:284.3,285.39 2 1
github.com/gogpu/gogpu/gesture.go:287.2,287.8 1 1
github.com/gogpu/gogpu/gesture.go:291.61,292.18 1 1
github.com/gogpu/gogpu/gesture.go:292.18,294.3 1 1
github.com/gogpu/gogpu/gesture.go:295.2,295.18 1 1
github.com/gogpu/gogpu/gesture.go:295.18,297.3 1 1
github.com/gogpu/gogpu/gesture.go:298.2,298.23 1 1
github.com/gogpu/gogpu/gesture.go:302.89,304.37 2 1
github.com/gogpu/gogpu/gesture.go:304.37,305.12 1 1
github.com/gogpu/gogpu/gesture.go:305.12,309.12 4 1
github.com/gogpu/gogpu/gesture.go:311.3,312.43 2 1
github.com/gogpu/gogpu/gesture.go:314.2,314.8 1 1
github.com/gogpu/gogpu/gesture.go:318.69,319.56 1 1
github.com/gogpu/gogpu/gesture.go:319.56,321.3 1 0
github.com/gogpu/gogpu/gesture.go:324.2,335.19 9 1
github.com/gogpu/gogpu/gesture.go:335.19,337.3 1 1
github.com/gogpu/gogpu/gesture.go:338.2,338.20 1 1
github.com/gogpu/gogpu/gesture.go:338.20,340.3 1 0
github.com/gogpu/gogpu/gesture.go:342.2,342.45 1 1
github.com/gogpu/gogpu/gpucontext_adapter.go:29.56,30.51 1 1
github.com/gogpu/gogpu/gpucontext_adapter.go:30.51,32.3 1 1
github.com/gogpu/gogpu/gpucontext_adapter.go:33.2,33.47 1 0
github.com/gogpu/gogpu/gpucontext_adapter.go:37.54,38.51 1 1
github.com/gogpu/gogpu/gpucontext_adapter.go:38.51,40.3 1 1
github.com/gogpu/gogpu/gpucontext_adapter.go:41.2,41.54 1 0
github.com/gogpu/gogpu/gpucontext_adapter.go:45.68,46.23 1 1
github.com/gogpu/gogpu/gpucontext_adapter.go:46.23,48.3 1 1
github.com/gogpu/gogpu/gpucontext_adapter.go:49.2,49.52 1 1
github.com/gogpu/gogpu/gpucontext_adapter.go:53.58,54.52 1 1
github.com/gogpu/gogpu/gpucontext_adapter.go:54.52,56.3 1 1
github.com/gogpu/gogpu/gpucontext_adapter.go:57.2,57.49 1 0
github.com/gogpu/gogpu/gpucontext_adapter.go:61.66,62.52 1 0
github.com/gogpu/gogpu/gpucontext_adapter.go:62.52,64.3 1 0
github.com/gogpu/gogpu/gpucontext_adapter.go:65.2,69.3 2 0
github.com/gogpu/gogpu/gpucontext_adapter.go:72.68,73.12 1 0
github.com/gogpu/gogpu/gpucontext_adapter.go:74.38,75.40 1 0
github.com/gogpu/gogpu/gpucontext_adapter.go:76.40,77.42 1 0
github.com/gogpu/gogpu/gpucontext_adapter.go:78.30,79.40 1 0
github.com/gogpu/gogpu/gpucontext_adapter.go:80.10,81.39 1 0
github.com/gogpu/gogpu/gpucontext_adapter.go:87.56,88.18 1 1
github.com/gogpu/gogpu/gpucontext_adapter.go:88.18,90.3 1 1
github.com/gogpu/gogpu/gpucontext_adapter.go:91.2,91.13 1 1
github.com/gogpu/gogpu/gpucontext_adapter.go:96.51,97.18 1 1
github.com/gogpu/gogpu/gpucontext_adapter.go:97.18,99.3 1 1
github.com/gogpu/gogpu/gpucontext_adapter.go:100.2,100.12 1 1
github.com/gogpu/gogpu/gpucontext_adapter.go:105.45,106.18 1 1
github.com/gogpu/gogpu/gpucontext_adapter.go:106.18,108.3 1 1
github.com/gogpu/gogpu/gpucontext_adapter.go:112.56,113.22 1 1
github.com/gogpu/gogpu/gpucontext_adapter.go:113.22,115.3 1 1
github.com/gogpu/gogpu/gpucontext_adapter.go:119.58,120.22 1 1
github.com/gogpu/gogpu/gpucontext_adapter.go:120.22,122.3 1 1
github.com/gogpu/gogpu/gpucontext_adapter.go:129.61,130.18 1 1
github.com/gogpu/gogpu/gpucontext_adapter.go:130.18,132.3 1 0
github.com/gogpu/gogpu/gpucontext_adapter.go:133.2,133.16 1 1
github.com/gogpu/gogpu/gpucontext_adapter.go:136.63,137.18 1 1
github.com/gogpu/gogpu/gpucontext_adapter.go:137.18,139.3 1 0
github.com/gogpu/gogpu/gpucontext_adapter.go:140.2,140.12 1 1
github.com/gogpu/gogpu/gpucontext_adapter.go:143.70,144.18 1 1
github.com/gogpu/gogpu/gpucontext_adapter.go:144.18,146.3 1 0
github.com/gogpu/gogpu/gpucontext_adapter.go:149.45,150.18 1 1
github.com/gogpu/gogpu/gpucontext_adapter.go:150.18,152.3 1 0
github.com/gogpu/gogpu/gpucontext_adapter.go:153.2,153.14 1 1
github.com/gogpu/gogpu/gpucontext_adapter.go:156.49,157.18 1 1
github.com/gogpu/gogpu/gpucontext_adapter.go:157.18,159.3 1 0
github.com/gogpu/gogpu/gpucontext_adapter.go:160.2,160.14 1 1
github.com/gogpu/gogpu/gpucontext_adapter.go:163.49,164.18 1 1
github.com/gogpu/gogpu/gpucontext_adapter.go:164.18,166.3 1 0
github.com/gogpu/gogpu/gpucontext_adapter.go:167.2,167.14 1 1
github.com/gogpu/gogpu/gpucontext_adapter.go:170.49,171.18 1 1
github.com/gogpu/gogpu/gpucontext_adapter.go:171.18,173.3 1 0
github.com/gogpu/gogpu/gpucontext_adapter.go:174.2,174.12 1 1
github.com/gogpu/gogpu/gpucontext_adapter.go:177.72,178.18 1 1
github.com/gogpu/gogpu/gpucontext_adapter.go:178.18,180.3 1 1
github.com/gogpu/gogpu/gpucontext_adapter.go:181.2,181.32 1 1
github.com/gogpu/gogpu/gpucontext_adapter.go:194.77,195.16 1 1
github.com/gogpu/gogpu/gpucontext_adapter.go:196.40,197.42 1 1
github.com/gogpu/gogpu/gpucontext_adapter.go:198.40,199.42 1 1
github.com/gogpu/gogpu/gpucontext_adapter.go:200.10,201.41 1 1
github.com/gogpu/gogpu/gpucontext_adapter.go:206.62,207.23 1 1
github.com/gogpu/gogpu/gpucontext_adapter.go:207.23,209.3 1 1
github.com/gogpu/gogpu/gpucontext_adapter.go:210.2,210.22 1 1
github.com/gogpu/gogpu/gpucontext_adapter.go:210.22,212.3 1 1
github.com/gogpu/gogpu/gpucontext_adapter.go:213.2,213.77 1 1
github.com/gogpu/gogpu/invalidator.go:13.49,18.2 1 1
github.com/gogpu/gogpu/invalidator.go:22.38,23.9 1 1
github.com/gogpu/gogpu/invalidator.go:24.28,26.24 1 1
github.com/gogpu/gogpu/invalidator.go:26.24,28.4 1 1
github.com/gogpu/gogpu/invalidator.go:29.10,29.10 0 1
github.com/gogpu/gogpu/invalidator.go:37.40,38.9 1 1
github.com/gogpu/gogpu/invalidator.go:39.16,40.14 1 1
github.com/gogpu/gogpu/invalidator.go:41.10,42.15 1 1
github.com/gogpu/gogpu/lifecycle.go:25.39,27.2 1 1
github.com/gogpu/gogpu/lifecycle.go:30.39,31.11 1 1
github.com/gogpu/gogpu/lifecycle.go:32.15,33.16 1 1
github.com/gogpu/gogpu/lifecycle.go:34.18,35.19 1 1
github.com/gogpu/gogpu/lifecycle.go:36.21,37.22 1 1
github.com/gogpu/gogpu/lifecycle.go:38.20,39.21 1 1
github.com/gogpu/gogpu/lifecycle.go:40.19,41.20 1 1
github.com/gogpu/gogpu/lifecycle.go:42.10,43.49 1 1
github.com/gogpu/gogpu/logger.go:17.62,17.78 1 1
github.com/gogpu/gogpu/logger.go:18.62,18.76 1 1
github.com/gogpu/gogpu/logger.go:19.62,19.85 1 0
github.com/gogpu/gogpu/logger.go:20.62,20.85 1 0
github.com/gogpu/gogpu/logger.go:25.13,28.52 1 1
github.com/gogpu/gogpu/logger.go:28.52,30.34 2 0
github.com/gogpu/gogpu/logger.go:31.16,32.27 1 0
github.com/gogpu/gogpu/logger.go:33.15,34.26 1 0
github.com/gogpu/gogpu/logger.go:35.15,36.26 1 0
github.com/gogpu/gogpu/logger.go:37.16,38.27 1 0
github.com/gogpu/gogpu/logger.go:39.11,40.26 1 0
github.com/gogpu/gogpu/logger.go:42.3,46.9 5 0
github.com/gogpu/gogpu/logger.go:49.2,50.20 2 1
github.com/gogpu/gogpu/logger.go:54.29,54.56 1 1
github.com/gogpu/gogpu/logger.go:76.32,77.14 1 1
github.com/gogpu/gogpu/logger.go:77.14,79.3 1 1
github.com/gogpu/gogpu/logger.go:80.2,85.19 3 1
github.com/gogpu/gogpu/logger.go:90.28,92.2 1 1
github.com/gogpu/gogpu/menu.go:41.22,43.2 1 1
github.com/gogpu/gogpu/menu.go:46.43,48.2 1 1
github.com/gogpu/gogpu/menu.go:51.45,54.2 2 1
github.com/gogpu/gogpu/menu.go:57.30,59.2 1 1
github.com/gogpu/gogpu/menu.go:62.37,64.2 1 1
github.com/gogpu/gogpu/menu.go:82.56,83.22 1 1
github.com/gogpu/gogpu/menu.go:83.22,91.3 1 1
github.com/gogpu/gogpu/menu.go:92.2,92.57 1 1
github.com/gogpu/gogpu/menu.go:92.57,98.3 2 1
github.com/gogpu/gogpu/menu.go:99.2,99.14 1 1
github.com/gogpu/gogpu/renderer.go:98.46,99.51 1 0
github.com/gogpu/gogpu/renderer.go:99.51,101.3 1 0
github.com/gogpu/gogpu/renderer.go:105.48,106.51 1 0
github.com/gogpu/gogpu/renderer.go:106.51,108.3 1 0
github.com/gogpu/gogpu/renderer.go:167.149,178.52 3 0
github.com/gogpu/gogpu/renderer.go:178.52,180.3 1 0
github.com/gogpu/gogpu/renderer.go:186.2,187.42 2 0
github.com/gogpu/gogpu/renderer.go:187.42,188.52 1 0
github.com/gogpu/gogpu/renderer.go:188.52,190.4 1 0
github.com/gogpu/gogpu/renderer.go:191.3,191.34 1 0
github.com/gogpu/gogpu/renderer.go:195.2,195.57 1 0
github.com/gogpu/gogpu/renderer.go:195.57,197.3 1 0
github.com/gogpu/gogpu/renderer.go:202.2,202.42 1 0
github.com/gogpu/gogpu/renderer.go:202.42,203.55 1 0
github.com/gogpu/gogpu/renderer.go:203.55,205.4 1 0
github.com/gogpu/gogpu/renderer.go:206.8,207.50 1 0
github.com/gogpu/gogpu/renderer.go:207.50,209.4 1 0
github.com/gogpu/gogpu/renderer.go:212.2,212.15 1 0
github.com/gogpu/gogpu/renderer.go:217.70,222.37 4 0
github.com/gogpu/gogpu/renderer.go:222.37,224.3 1 0
github.com/gogpu/gogpu/renderer.go:225.2,230.16 3 0
github.com/gogpu/gogpu/renderer.go:230.16,232.3 1 0
github.com/gogpu/gogpu/renderer.go:233.2,234.12 2 0
github.com/gogpu/gogpu/renderer.go:240.71,247.16 4 0
github.com/gogpu/gogpu/renderer.go:247.16,249.3 1 0
github.com/gogpu/gogpu/renderer.go:250.2,253.16 3 0
github.com/gogpu/gogpu/renderer.go:253.16,255.3 1 0
github.com/gogpu/gogpu/renderer.go:256.2,256.12 1 0
github.com/gogpu/gogpu/renderer.go:261.58,264.16 3 0
github.com/gogpu/gogpu/renderer.go:264.16,266.3 1 0
github.com/gogpu/gogpu/renderer.go:267.2,270.12 4 0
github.com/gogpu/gogpu/renderer.go:277.61,279.29 2 1
github.com/gogpu/gogpu/renderer.go:279.29,282.59 3 0
github.com/gogpu/gogpu/renderer.go:282.59,284.4 1 0
github.com/gogpu/gogpu/renderer.go:285.3,285.31 1 0
github.com/gogpu/gogpu/renderer.go:286.8,289.3 1 1
github.com/gogpu/gogpu/renderer.go:290.2,290.12 1 1
github.com/gogpu/gogpu/renderer.go:295.56,296.44 1 0
github.com/gogpu/gogpu/renderer.go:296.44,298.3 1 0
github.com/gogpu/gogpu/renderer.go:299.2,299.31 1 0
github.com/gogpu/gogpu/renderer.go:303.85,314.2 2 0
github.com/gogpu/gogpu/renderer.go:320.88,322.17 2 0
github.com/gogpu/gogpu/renderer.go:322.17,325.16 2 0
github.com/gogpu/gogpu/renderer.go:325.16,327.4 1 0
github.com/gogpu/gogpu/renderer.go:328.3,330.14 2 0
github.com/gogpu/gogpu/renderer.go:333.2,336.14 3 0
github.com/gogpu/gogpu/renderer.go:336.14,342.3 1 0
github.com/gogpu/gogpu/renderer.go:342.8,349.3 1 0
github.com/gogpu/gogpu/renderer.go:351.2,353.13 2 0
github.com/gogpu/gogpu/renderer.go:358.112,359.33 1 1
github.com/gogpu/gogpu/renderer.go:359.33,360.33 1 1
github.com/gogpu/gogpu/renderer.go:360.33,361.19 1 1
github.com/gogpu/gogpu/renderer.go:361.19,363.5 1 1
github.com/gogpu/gogpu/renderer.go:367.2,369.33 2 1
github.com/gogpu/gogpu/renderer.go:375.50,376.29 1 1
github.com/gogpu/gogpu/renderer.go:376.29,378.3 1 1
github.com/gogpu/gogpu/renderer.go:379.2,379.18 1 1
github.com/gogpu/gogpu/renderer.go:385.46,387.2 1 0
github.com/gogpu/gogpu/renderer.go:390.71,392.2 1 1
github.com/gogpu/gogpu/renderer.go:395.95,396.31 1 1
github.com/gogpu/gogpu/renderer.go:396.31,399.36 1 0
github.com/gogpu/gogpu/renderer.go:399.36,402.4 2 0
github.com/gogpu/gogpu/renderer.go:403.3,403.9 1 0
github.com/gogpu/gogpu/renderer.go:408.2,408.62 1 1
github.com/gogpu/gogpu/renderer.go:408.62,410.3 1 1
github.com/gogpu/gogpu/renderer.go:414.2,426.54 5 0
github.com/gogpu/gogpu/renderer.go:426.54,432.3 3 0
github.com/gogpu/gogpu/renderer.go:433.2,433.30 1 0
github.com/gogpu/gogpu/renderer.go:438.38,441.2 2 0
github.com/gogpu/gogpu/renderer.go:444.64,446.2 1 1
github.com/gogpu/gogpu/renderer.go:449.42,451.2 1 1
github.com/gogpu/gogpu/renderer.go:458.118,459.21 1 1
github.com/gogpu/gogpu/renderer.go:459.21,461.3 1 1
github.com/gogpu/gogpu/renderer.go:465.2,465.20 1 0
github.com/gogpu/gogpu/renderer.go:465.20,472.77 2 0
github.com/gogpu/gogpu/renderer.go:472.77,476.4 3 0
github.com/gogpu/gogpu/renderer.go:483.2,486.16 4 0
github.com/gogpu/gogpu/renderer.go:486.16,489.3 2 0
github.com/gogpu/gogpu/renderer.go:491.2,495.16 3 0
github.com/gogpu/gogpu/renderer.go:495.16,499.3 3 0
github.com/gogpu/gogpu/renderer.go:500.2,507.13 5 0
github.com/gogpu/gogpu/renderer.go:513.104,514.9 1 0
github.com/gogpu/gogpu/renderer.go:515.47,517.36 2 0
github.com/gogpu/gogpu/renderer.go:517.36,518.62 1 0
github.com/gogpu/gogpu/renderer.go:518.62,521.5 2 0
github.com/gogpu/gogpu/renderer.go:523.43,525.25 2 0
github.com/gogpu/gogpu/renderer.go:526.10,528.36 2 0
github.com/gogpu/gogpu/renderer.go:528.36,530.4 1 0
github.com/gogpu/gogpu/renderer.go:536.31,537.29 1 0
github.com/gogpu/gogpu/renderer.go:537.29,540.3 2 0
github.com/gogpu/gogpu/renderer.go:541.2,542.21 2 0
github.com/gogpu/gogpu/renderer.go:548.57,552.2 3 1
github.com/gogpu/gogpu/renderer.go:556.38,559.2 2 0
github.com/gogpu/gogpu/renderer.go:568.35,569.37 1 1
github.com/gogpu/gogpu/renderer.go:569.37,573.17 4 0
github.com/gogpu/gogpu/renderer.go:573.17,575.4 1 0
github.com/gogpu/gogpu/renderer.go:576.3,576.23 1 0
github.com/gogpu/gogpu/renderer.go:583.46,586.2 2 1
github.com/gogpu/gogpu/renderer.go:590.51,591.21 1 1
github.com/gogpu/gogpu/renderer.go:591.21,593.3 1 1
github.com/gogpu/gogpu/renderer.go:594.2,595.78 2 1
github.com/gogpu/gogpu/renderer.go:599.42,602.2 2 1
github.com/gogpu/gogpu/renderer.go:605.40,606.27 1 1
github.com/gogpu/gogpu/renderer.go:606.27,609.3 2 0
github.com/gogpu/gogpu/renderer.go:611.2,611.32 1 1
github.com/gogpu/gogpu/renderer.go:618.59,620.2 1 0
github.com/gogpu/gogpu/renderer.go:623.64,624.30 1 1
github.com/gogpu/gogpu/renderer.go:624.30,626.3 1 1
github.com/gogpu/gogpu/renderer.go:627.2,629.22 3 0
github.com/gogpu/gogpu/renderer.go:634.70,635.50 1 1
github.com/gogpu/gogpu/renderer.go:635.50,637.3 1 1
github.com/gogpu/gogpu/renderer.go:639.2,642.16 2 0
github.com/gogpu/gogpu/renderer.go:642.16,644.3 1 0
github.com/gogpu/gogpu/renderer.go:646.2,656.16 2 0
github.com/gogpu/gogpu/renderer.go:656.16,658.3 1 0
github.com/gogpu/gogpu/renderer.go:660.2,660.41 1 0
github.com/gogpu/gogpu/renderer.go:660.41,662.3 1 0
github.com/gogpu/gogpu/renderer.go:664.2,665.16 2 0
github.com/gogpu/gogpu/renderer.go:665.16,667.3 1 0
github.com/gogpu/gogpu/renderer.go:669.2,671.24 3 0
github.com/gogpu/gogpu/renderer.go:677.64,679.16 2 0
github.com/gogpu/gogpu/renderer.go:679.16,682.3 2 0
github.com/gogpu/gogpu/renderer.go:683.2,683.35 1 0
github.com/gogpu/gogpu/renderer.go:688.47,691.2 2 1
github.com/gogpu/gogpu/renderer.go:695.52,697.2 1 1
github.com/gogpu/gogpu/renderer.go:700.37,702.2 1 1
github.com/gogpu/gogpu/renderer.go:705.49,706.31 1 0
github.com/gogpu/gogpu/renderer.go:706.31,708.3 1 0
github.com/gogpu/gogpu/renderer.go:710.2,717.16 3 0
github.com/gogpu/gogpu/renderer.go:717.16,719.3 1 0
github.com/gogpu/gogpu/renderer.go:722.2,725.16 2 0
github.com/gogpu/gogpu/renderer.go:725.16,727.3 1 0
github.com/gogpu/gogpu/renderer.go:730.2,748.16 2 0
github.com/gogpu/gogpu/renderer.go:748.16,750.3 1 0
github.com/gogpu/gogpu/renderer.go:752.2,752.12 1 0
github.com/gogpu/gogpu/renderer.go:756.79,758.30 2 0
github.com/gogpu/gogpu/renderer.go:758.30,760.3 1 0
github.com/gogpu/gogpu/renderer.go:761.2,764.31 2 0
github.com/gogpu/gogpu/renderer.go:764.31,765.50 1 0
github.com/gogpu/gogpu/renderer.go:765.50,767.4 1 0
github.com/gogpu/gogpu/renderer.go:770.2,773.16 2 0
github.com/gogpu/gogpu/renderer.go:773.16,775.3 1 0
github.com/gogpu/gogpu/renderer.go:777.2,787.16 2 0
github.com/gogpu/gogpu/renderer.go:787.16,789.3 1 0
github.com/gogpu/gogpu/renderer.go:791.2,794.41 3 0
github.com/gogpu/gogpu/renderer.go:794.41,796.3 1 0
github.com/gogpu/gogpu/renderer.go:798.2,799.16 2 0
github.com/gogpu/gogpu/renderer.go:799.16,801.3 1 0
github.com/gogpu/gogpu/renderer.go:804.2,806.12 2 0
github.com/gogpu/gogpu/renderer.go:813.53,814.29 1 0
github.com/gogpu/gogpu/renderer.go:814.29,816.3 1 0
github.com/gogpu/gogpu/renderer.go:818.2,825.16 3 0
github.com/gogpu/gogpu/renderer.go:825.16,827.3 1 0
github.com/gogpu/gogpu/renderer.go:830.2,843.16 2 0
github.com/gogpu/gogpu/renderer.go:843.16,845.3 1 0
github.com/gogpu/gogpu/renderer.go:848.2,869.16 2 0
github.com/gogpu/gogpu/renderer.go:869.16,871.3 1 0
github.com/gogpu/gogpu/renderer.go:874.2,878.16 2 0
github.com/gogpu/gogpu/renderer.go:878.16,880.3 1 0
github.com/gogpu/gogpu/renderer.go:883.2,917.16 2 0
github.com/gogpu/gogpu/renderer.go:917.16,919.3 1 0
github.com/gogpu/gogpu/renderer.go:925.2,930.16 2 0
github.com/gogpu/gogpu/renderer.go:930.16,932.3 1 0
github.com/gogpu/gogpu/renderer.go:935.2,946.16 2 0
github.com/gogpu/gogpu/renderer.go:946.16,948.3 1 0
github.com/gogpu/gogpu/renderer.go:951.2,954.12 3 0
github.com/gogpu/gogpu/renderer.go:959.83,961.32 1 0
github.com/gogpu/gogpu/renderer.go:961.32,963.3 1 0
[...]
github.com/gogpu/gogpu/internal/platform/darwin/surface.go:145.53,146.30 1 1
github.com/gogpu/gogpu/internal/platform/darwin/surface.go:146.30,148.3 1 0
github.com/gogpu/gogpu/internal/platform/darwin/surface.go:150.2,150.60 1 1
github.com/gogpu/gogpu/internal/platform/darwin/surface.go:155.57,156.30 1 1
github.com/gogpu/gogpu/internal/platform/darwin/surface.go:156.30,158.3 1 0
github.com/gogpu/gogpu/internal/platform/darwin/surface.go:160.2,161.18 2 1
github.com/gogpu/gogpu/internal/platform/darwin/surface.go:161.18,163.3 1 0
github.com/gogpu/gogpu/internal/platform/darwin/surface.go:164.2,166.62 2 1
github.com/gogpu/gogpu/internal/platform/darwin/surface.go:180.63,181.30 1 1
github.com/gogpu/gogpu/internal/platform/darwin/surface.go:181.30,183.3 1 0
github.com/gogpu/gogpu/internal/platform/darwin/surface.go:185.2,185.62 1 1
github.com/gogpu/gogpu/internal/platform/darwin/surface.go:190.57,191.30 1 1
github.com/gogpu/gogpu/internal/platform/darwin/surface.go:191.30,193.3 1 0
github.com/gogpu/gogpu/internal/platform/darwin/surface.go:196.2,196.15 1 1
github.com/gogpu/gogpu/internal/platform/darwin/surface.go:196.15,198.3 1 0
github.com/gogpu/gogpu/internal/platform/darwin/surface.go:199.2,199.15 1 1
github.com/gogpu/gogpu/internal/platform/darwin/surface.go:199.15,201.3 1 0
github.com/gogpu/gogpu/internal/platform/darwin/surface.go:203.2,203.65 1 1
github.com/gogpu/gogpu/internal/platform/darwin/surface.go:207.58,208.30 1 1
github.com/gogpu/gogpu/internal/platform/darwin/surface.go:208.30,210.3 1 0
github.com/gogpu/gogpu/internal/platform/darwin/surface.go:212.2,212.57 1 1
github.com/gogpu/gogpu/internal/platform/darwin/surface.go:217.54,218.30 1 1
github.com/gogpu/gogpu/internal/platform/darwin/surface.go:218.30,220.3 1 0
github.com/gogpu/gogpu/internal/platform/darwin/surface.go:223.2,223.52 1 1
github.com/gogpu/gogpu/internal/platform/darwin/surface.go:228.40,229.30 1 0
github.com/gogpu/gogpu/internal/platform/darwin/surface.go:229.30,231.3 1 0
github.com/gogpu/gogpu/internal/platform/darwin/surface.go:233.2,233.42 1 0
github.com/gogpu/gogpu/internal/platform/darwin/surface.go:237.32,238.27 1 1
github.com/gogpu/gogpu/internal/platform/darwin/surface.go:238.27,241.3 2 1
github.com/gogpu/gogpu/internal/platform/darwin/surface.go:250.51,251.16 1 0
github.com/gogpu/gogpu/internal/platform/darwin/surface.go:251.16,253.3 1 0
github.com/gogpu/gogpu/internal/platform/darwin/surface.go:254.2,254.31 1 0
github.com/gogpu/gogpu/internal/platform/darwin/surface.go:258.33,259.14 1 0
github.com/gogpu/gogpu/internal/platform/darwin/surface.go:259.14,261.3 1 0
github.com/gogpu/gogpu/internal/platform/darwin/surface.go:262.2,262.13 1 0
github.com/gogpu/gogpu/internal/platform/darwin/surface.go:266.39,267.14 1 0
github.com/gogpu/gogpu/internal/platform/darwin/surface.go:267.14,269.3 1 0
github.com/gogpu/gogpu/internal/platform/darwin/surface.go:270.2,270.19 1 0
github.com/gogpu/gogpu/internal/platform/darwin/surface.go:275.43,276.30 1 0
github.com/gogpu/gogpu/internal/platform/darwin/surface.go:276.30,278.3 1 0
github.com/gogpu/gogpu/internal/platform/darwin/surface.go:280.2,281.33 2 0
github.com/gogpu/gogpu/internal/platform/darwin/surface.go:286.35,287.30 1 0
github.com/gogpu/gogpu/internal/platform/darwin/surface.go:287.30,289.3 1 0
github.com/gogpu/gogpu/internal/platform/darwin/surface.go:291.2,292.20 2 0
github.com/gogpu/gogpu/internal/platform/darwin/surface.go:306.51,307.19 1 1
github.com/gogpu/gogpu/internal/platform/darwin/surface.go:307.19,309.3 1 0
github.com/gogpu/gogpu/internal/platform/darwin/surface.go:312.2,313.16 2 1
github.com/gogpu/gogpu/internal/platform/darwin/surface.go:313.16,315.3 1 0
github.com/gogpu/gogpu/internal/platform/darwin/surface.go:318.2,338.15 7 1
github.com/gogpu/gogpu/internal/platform/darwin/surface.go:338.15,340.3 1 1
github.com/gogpu/gogpu/internal/platform/darwin/surface.go:346.2,349.61 4 1
github.com/gogpu/gogpu/internal/platform/darwin/surface.go:349.61,351.3 1 1
github.com/gogpu/gogpu/internal/platform/darwin/surface.go:354.2,359.29 3 1
github.com/gogpu/gogpu/internal/platform/darwin/surface.go:359.29,361.3 1 1
github.com/gogpu/gogpu/internal/platform/darwin/surface.go:363.2,366.8 1 1
github.com/gogpu/gogpu/internal/platform/darwin/surface.go:370.39,372.2 1 0
github.com/gogpu/gogpu/internal/platform/darwin/surface.go:375.38,376.32 1 0
github.com/gogpu/gogpu/internal/platform/darwin/surface.go:376.32,378.3 1 0
github.com/gogpu/gogpu/internal/platform/darwin/surface.go:379.2,379.22 1 0
github.com/gogpu/gogpu/internal/platform/darwin/surface.go:385.45,386.32 1 0
github.com/gogpu/gogpu/internal/platform/darwin/surface.go:386.32,388.3 1 0
github.com/gogpu/gogpu/internal/platform/darwin/surface.go:391.2,391.21 1 0
github.com/gogpu/gogpu/internal/platform/darwin/surface.go:391.21,393.16 2 0
github.com/gogpu/gogpu/internal/platform/darwin/surface.go:393.16,395.4 1 0
github.com/gogpu/gogpu/internal/platform/darwin/surface.go:398.3,401.62 4 0
github.com/gogpu/gogpu/internal/platform/darwin/surface.go:401.62,403.4 1 0
github.com/gogpu/gogpu/internal/platform/darwin/surface.go:408.2,408.29 1 0
github.com/gogpu/gogpu/internal/platform/darwin/surface.go:408.29,410.3 1 0
github.com/gogpu/gogpu/internal/platform/darwin/surface.go:416.32,417.51 1 1
github.com/gogpu/gogpu/internal/platform/darwin/surface.go:417.51,419.3 1 0
github.com/gogpu/gogpu/internal/platform/darwin/surface.go:422.2,423.15 2 1
github.com/gogpu/gogpu/internal/platform/darwin/surface.go:423.15,425.3 1 1
github.com/gogpu/gogpu/internal/platform/darwin/surface.go:428.2,431.61 4 1
github.com/gogpu/gogpu/internal/platform/darwin/surface.go:431.61,433.3 1 1
github.com/gogpu/gogpu/internal/platform/darwin/surface.go:436.2,438.29 3 1
github.com/gogpu/gogpu/internal/platform/darwin/surface.go:438.29,440.3 1 1
github.com/gogpu/gogpu/internal/platform/darwin/surface.go:444.29,445.14 1 1
github.com/gogpu/gogpu/internal/platform/darwin/surface.go:445.14,447.3 1 0
github.com/gogpu/gogpu/internal/platform/darwin/surface.go:449.2,449.20 1 1
github.com/gogpu/gogpu/internal/platform/darwin/surface.go:449.20,452.3 2 1
github.com/gogpu/gogpu/internal/platform/darwin/surface.go:454.2,454.16 1 1
github.com/gogpu/gogpu/internal/platform/darwin/surface.go:467.43,475.2 1 1
github.com/gogpu/gogpu/internal/platform/darwin/surface.go:478.51,479.32 1 1
github.com/gogpu/gogpu/internal/platform/darwin/surface.go:479.32,481.3 1 0
github.com/gogpu/gogpu/internal/platform/darwin/surface.go:483.2,488.30 5 1
github.com/gogpu/gogpu/internal/platform/darwin/surface.go:488.30,490.3 1 1
github.com/gogpu/gogpu/internal/platform/darwin/types.go:191.51,196.2 1 1
github.com/gogpu/gogpu/internal/platform/darwin/types.go:199.38,201.2 1 0
github.com/gogpu/gogpu/internal/platform/darwin/types.go:204.45,206.2 1 0
github.com/gogpu/gogpu/internal/platform/darwin/view.go:30.38,31.31 1 1
github.com/gogpu/gogpu/internal/platform/darwin/view.go:31.31,33.3 1 1
github.com/gogpu/gogpu/internal/platform/darwin/view.go:34.2,34.42 1 1
github.com/gogpu/gogpu/internal/platform/darwin/view.go:37.46,38.38 1 1
github.com/gogpu/gogpu/internal/platform/darwin/view.go:38.38,40.3 1 0
github.com/gogpu/gogpu/internal/platform/darwin/view.go:42.2,43.22 2 1
github.com/gogpu/gogpu/internal/platform/darwin/view.go:43.22,45.3 1 0
github.com/gogpu/gogpu/internal/platform/darwin/view.go:47.2,48.14 2 1
github.com/gogpu/gogpu/internal/platform/darwin/view.go:48.14,50.3 1 0
github.com/gogpu/gogpu/internal/platform/darwin/view.go:54.2,54.71 1 1
github.com/gogpu/gogpu/internal/platform/darwin/view.go:54.71,59.3 1 1
github.com/gogpu/gogpu/internal/platform/darwin/view.go:60.2,63.69 2 1
github.com/gogpu/gogpu/internal/platform/darwin/view.go:63.69,65.3 1 1
github.com/gogpu/gogpu/internal/platform/darwin/view.go:66.2,69.76 2 1
github.com/gogpu/gogpu/internal/platform/darwin/view.go:69.76,71.3 1 0
github.com/gogpu/gogpu/internal/platform/darwin/view.go:72.2,76.77 2 1
github.com/gogpu/gogpu/internal/platform/darwin/view.go:76.77,78.3 1 0
github.com/gogpu/gogpu/internal/platform/darwin/view.go:79.2,82.64 2 1
github.com/gogpu/gogpu/internal/platform/darwin/view.go:82.64,84.3 1 1
github.com/gogpu/gogpu/internal/platform/darwin/view.go:85.2,88.17 3 1
github.com/gogpu/gogpu/internal/platform/darwin/view.go:93.48,95.16 2 1
github.com/gogpu/gogpu/internal/platform/darwin/view.go:95.16,97.3 1 0
github.com/gogpu/gogpu/internal/platform/darwin/view.go:100.2,101.19 2 1
github.com/gogpu/gogpu/internal/platform/darwin/view.go:101.19,103.3 1 0
github.com/gogpu/gogpu/internal/platform/darwin/view.go:105.2,106.18 2 1
github.com/gogpu/gogpu/internal/platform/darwin/view.go:106.18,108.3 1 0
github.com/gogpu/gogpu/internal/platform/darwin/view.go:110.2,110.18 1 1
github.com/gogpu/gogpu/internal/platform/darwin/window.go:49.54,61.22 5 1
github.com/gogpu/gogpu/internal/platform/darwin/window.go:61.22,63.23 2 0
github.com/gogpu/gogpu/internal/platform/darwin/window.go:63.23,65.4 1 0
github.com/gogpu/gogpu/internal/platform/darwin/window.go:66.8,68.23 2 1
github.com/gogpu/gogpu/internal/platform/darwin/window.go:68.23,70.4 1 1
github.com/gogpu/gogpu/internal/platform/darwin/window.go:74.2,78.22 3 1
github.com/gogpu/gogpu/internal/platform/darwin/window.go:78.22,80.3 1 0
github.com/gogpu/gogpu/internal/platform/darwin/window.go:83.2,90.22 2 1
github.com/gogpu/gogpu/internal/platform/darwin/window.go:90.22,92.3 1 0
github.com/gogpu/gogpu/internal/platform/darwin/window.go:94.2,97.24 2 1
github.com/gogpu/gogpu/internal/platform/darwin/window.go:97.24,99.19 2 1
github.com/gogpu/gogpu/internal/platform/darwin/window.go:99.19,102.4 2 1
github.com/gogpu/gogpu/internal/platform/darwin/window.go:108.2,109.20 2 1
github.com/gogpu/gogpu/internal/platform/darwin/window.go:109.20,112.28 2 0
github.com/gogpu/gogpu/internal/platform/darwin/window.go:112.28,114.4 1 0
github.com/gogpu/gogpu/internal/platform/darwin/window.go:115.8,118.3 2 1
github.com/gogpu/gogpu/internal/platform/darwin/window.go:122.2,123.36 2 1
github.com/gogpu/gogpu/internal/platform/darwin/window.go:123.36,125.19 2 0
github.com/gogpu/gogpu/internal/platform/darwin/window.go:125.19,128.4 2 0
github.com/gogpu/gogpu/internal/platform/darwin/window.go:133.2,148.16 6 1
github.com/gogpu/gogpu/internal/platform/darwin/window.go:148.16,152.3 3 1
github.com/gogpu/gogpu/internal/platform/darwin/window.go:154.2,154.15 1 1
github.com/gogpu/gogpu/internal/platform/darwin/window.go:158.25,162.24 3 1
github.com/gogpu/gogpu/internal/platform/darwin/window.go:162.24,164.3 1 0
github.com/gogpu/gogpu/internal/platform/darwin/window.go:167.2,168.18 2 1
github.com/gogpu/gogpu/internal/platform/darwin/window.go:172.25,176.24 3 0
github.com/gogpu/gogpu/internal/platform/darwin/window.go:176.24,178.3 1 0
github.com/gogpu/gogpu/internal/platform/darwin/window.go:181.2,182.19 2 0
github.com/gogpu/gogpu/internal/platform/darwin/window.go:186.26,190.24 3 0
github.com/gogpu/gogpu/internal/platform/darwin/window.go:190.24,192.3 1 0
github.com/gogpu/gogpu/internal/platform/darwin/window.go:194.2,195.22 2 0
github.com/gogpu/gogpu/internal/platform/darwin/window.go:199.41,203.24 3 1
github.com/gogpu/gogpu/internal/platform/darwin/window.go:203.24,205.3 1 0
github.com/gogpu/gogpu/internal/platform/darwin/window.go:207.2,208.20 2 1
github.com/gogpu/gogpu/internal/platform/darwin/window.go:208.20,211.3 2 1
github.com/gogpu/gogpu/internal/platform/darwin/window.go:215.45,220.2 3 1
github.com/gogpu/gogpu/internal/platform/darwin/window.go:223.45,227.24 3 1
github.com/gogpu/gogpu/internal/platform/darwin/window.go:227.24,229.3 1 0
github.com/gogpu/gogpu/internal/platform/darwin/window.go:231.2,246.51 5 1
github.com/gogpu/gogpu/internal/platform/darwin/window.go:250.37,255.2 3 1
github.com/gogpu/gogpu/internal/platform/darwin/window.go:258.51,263.2 3 0
github.com/gogpu/gogpu/internal/platform/darwin/window.go:266.35,271.2 3 1
github.com/gogpu/gogpu/internal/platform/darwin/window.go:274.32,279.2 3 0
github.com/gogpu/gogpu/internal/platform/darwin/window.go:282.35,287.2 3 0
github.com/gogpu/gogpu/internal/platform/darwin/window.go:290.35,295.2 3 0
github.com/gogpu/gogpu/internal/platform/darwin/window.go:298.39,303.2 3 0
github.com/gogpu/gogpu/internal/platform/darwin/window.go:306.28,310.23 3 1
github.com/gogpu/gogpu/internal/platform/darwin/window.go:310.23,312.3 1 1
github.com/gogpu/gogpu/internal/platform/darwin/window.go:315.2,315.21 1 1
github.com/gogpu/gogpu/internal/platform/darwin/window.go:315.21,320.3 4 1
github.com/gogpu/gogpu/internal/platform/darwin/window.go:322.2,322.21 1 1
github.com/gogpu/gogpu/internal/platform/darwin/window.go:322.21,326.3 3 1
github.com/gogpu/gogpu/internal/platform/darwin/window.go:328.2,328.19 1 1
github.com/gogpu/gogpu/internal/platform/darwin/window.go:333.42,337.27 3 1
github.com/gogpu/gogpu/internal/platform/darwin/window.go:337.27,339.3 1 0
github.com/gogpu/gogpu/internal/platform/darwin/window.go:346.2,349.22 3 1
github.com/gogpu/gogpu/internal/platform/darwin/window.go:353.34,358.2 3 1
github.com/gogpu/gogpu/internal/platform/darwin/window.go:363.47,367.24 3 1
github.com/gogpu/gogpu/internal/platform/darwin/window.go:367.24,369.3 1 0
github.com/gogpu/gogpu/internal/platform/darwin/window.go:371.2,372.16 2 1
github.com/gogpu/gogpu/internal/platform/darwin/window.go:372.16,374.3 1 0
github.com/gogpu/gogpu/internal/platform/darwin/window.go:375.2,375.14 1 1
github.com/gogpu/gogpu/internal/platform/darwin/window.go:381.31,385.27 3 1
github.com/gogpu/gogpu/internal/platform/darwin/window.go:385.27,387.3 1 0
github.com/gogpu/gogpu/internal/platform/darwin/window.go:392.2,394.36 3 1
github.com/gogpu/gogpu/internal/platform/darwin/window.go:399.56,403.27 3 1
github.com/gogpu/gogpu/internal/platform/darwin/window.go:403.27,405.3 1 0
github.com/gogpu/gogpu/internal/platform/darwin/window.go:407.2,409.25 3 1
github.com/gogpu/gogpu/internal/platform/darwin/window.go:409.25,411.12 2 1
github.com/gogpu/gogpu/internal/platform/darwin/window.go:411.12,413.4 1 1
github.com/gogpu/gogpu/internal/platform/darwin/window.go:415.2,415.90 1 1
github.com/gogpu/gogpu/internal/platform/darwin/window.go:419.33,423.24 3 1
github.com/gogpu/gogpu/internal/platform/darwin/window.go:423.24,425.3 1 0
github.com/gogpu/gogpu/internal/platform/darwin/window.go:427.2,427.44 1 1
github.com/gogpu/gogpu/internal/platform/darwin/window.go:431.39,435.27 3 1
github.com/gogpu/gogpu/internal/platform/darwin/window.go:435.27,437.3 1 0
github.com/gogpu/gogpu/internal/platform/darwin/window.go:439.2,439.48 1 1
github.com/gogpu/gogpu/internal/platform/darwin/window.go:443.27,447.24 3 0
github.com/gogpu/gogpu/internal/platform/darwin/window.go:447.24,449.3 1 0
github.com/gogpu/gogpu/internal/platform/darwin/window.go:451.2,451.35 1 0
github.com/gogpu/gogpu/internal/platform/darwin/window.go:455.32,459.24 3 0
github.com/gogpu/gogpu/internal/platform/darwin/window.go:459.24,461.3 1 0
github.com/gogpu/gogpu/internal/platform/darwin/window.go:463.2,463.46 1 0
github.com/gogpu/gogpu/internal/platform/darwin/window.go:467.34,471.24 3 0
github.com/gogpu/gogpu/internal/platform/darwin/window.go:471.24,473.3 1 0
github.com/gogpu/gogpu/internal/platform/darwin/window.go:475.2,475.48 1 0
github.com/gogpu/gogpu/internal/platform/darwin/window.go:479.25,483.24 3 0
github.com/gogpu/gogpu/internal/platform/darwin/window.go:483.24,485.3 1 0
github.com/gogpu/gogpu/internal/platform/darwin/window.go:487.2,487.39 1 0
github.com/gogpu/gogpu/internal/platform/darwin/window.go:491.55,495.24 3 0
github.com/gogpu/gogpu/internal/platform/darwin/window.go:495.24,497.3 1 0
github.com/gogpu/gogpu/internal/platform/darwin/window.go:499.2,499.59 1 0
github.com/gogpu/gogpu/internal/platform/darwin/window.go:503.40,507.24 3 0
github.com/gogpu/gogpu/internal/platform/darwin/window.go:507.24,509.3 1 0
github.com/gogpu/gogpu/internal/platform/darwin/window.go:511.2,512.20 2 0
github.com/gogpu/gogpu/internal/platform/darwin/window.go:516.34,520.24 3 0
github.com/gogpu/gogpu/internal/platform/darwin/window.go:520.24,522.3 1 0
github.com/gogpu/gogpu/internal/platform/darwin/window.go:524.2,525.20 2 0
github.com/gogpu/gogpu/internal/platform/darwin/window.go:529.37,533.24 3 1
github.com/gogpu/gogpu/internal/platform/darwin/window.go:533.24,535.3 1 0
github.com/gogpu/gogpu/internal/platform/darwin/window.go:537.2,538.20 2 1
github.com/gogpu/gogpu/internal/platform/darwin/window.go:543.77,547.24 3 0
github.com/gogpu/gogpu/internal/platform/darwin/window.go:547.24,549.3 1 0
github.com/gogpu/gogpu/internal/platform/darwin/window.go:551.2,551.72 1 0
github.com/gogpu/gogpu/internal/platform/darwin/window.go:556.37,560.24 3 0
github.com/gogpu/gogpu/internal/platform/darwin/window.go:560.24,562.3 1 0
github.com/gogpu/gogpu/internal/platform/darwin/window.go:564.2,564.51 1 0
github.com/gogpu/gogpu/internal/platform/darwin/window.go:569.38,573.24 3 0
github.com/gogpu/gogpu/internal/platform/darwin/window.go:573.24,575.3 1 0
github.com/gogpu/gogpu/internal/platform/darwin/window.go:577.2,578.55 2 0
github.com/gogpu/gogpu/internal/platform/darwin/window.go:581.45,585.2 3 1
github.com/gogpu/gogpu/internal/platform/darwin/window.go:590.52,592.2 1 1
github.com/gogpu/gogpu/internal/platform/darwin/windowdelegate.go:18.43,20.10 1 1
github.com/gogpu/gogpu/internal/platform/darwin/windowdelegate.go:20.10,22.4 1 1
github.com/gogpu/gogpu/internal/platform/darwin/windowdelegate.go:24.2,24.62 1 1
github.com/gogpu/gogpu/internal/platform/darwin/windowdelegate.go:27.51,28.38 1 1
github.com/gogpu/gogpu/internal/platform/darwin/windowdelegate.go:28.38,30.3 1 0
github.com/gogpu/gogpu/internal/platform/darwin/windowdelegate.go:31.2,32.24 2 1
github.com/gogpu/gogpu/internal/platform/darwin/windowdelegate.go:32.24,34.3 1 0
github.com/gogpu/gogpu/internal/platform/darwin/windowdelegate.go:35.2,36.14 2 1
github.com/gogpu/gogpu/internal/platform/darwin/windowdelegate.go:36.14,38.3 1 0
github.com/gogpu/gogpu/internal/platform/darwin/windowdelegate.go:40.2,41.43 1 1
github.com/gogpu/gogpu/internal/platform/darwin/windowdelegate.go:41.43,44.18 2 0
github.com/gogpu/gogpu/internal/platform/darwin/windowdelegate.go:44.18,46.5 1 0
github.com/gogpu/gogpu/internal/platform/darwin/windowdelegate.go:47.4,50.44 3 0
github.com/gogpu/gogpu/internal/platform/darwin/windowdelegate.go:50.44,52.5 1 0
github.com/gogpu/gogpu/internal/platform/darwin/windowdelegate.go:53.4,54.12 2 0
github.com/gogpu/gogpu/internal/platform/darwin/windowdelegate.go:57.2,64.49 2 1
github.com/gogpu/gogpu/internal/platform/darwin/windowdelegate.go:64.49,66.18 2 0
github.com/gogpu/gogpu/internal/platform/darwin/windowdelegate.go:66.18,67.12 1 0
github.com/gogpu/gogpu/internal/platform/darwin/windowdelegate.go:68.44,68.44 0 0
github.com/gogpu/gogpu/internal/platform/darwin/windowdelegate.go:69.13,69.13 0 0
github.com/gogpu/gogpu/internal/platform/darwin/windowdelegate.go:71.5,71.20 1 0
github.com/gogpu/gogpu/internal/platform/darwin/windowdelegate.go:73.4,73.12 1 0
github.com/gogpu/gogpu/internal/platform/darwin/windowdelegate.go:76.2,79.17 3 1
github.com/gogpu/gogpu/internal/platform/darwin/windowdelegate.go:82.52,83.16 1 1
github.com/gogpu/gogpu/internal/platform/darwin/windowdelegate.go:83.16,85.3 1 1
github.com/gogpu/gogpu/internal/platform/darwin/windowdelegate.go:87.2,88.16 2 1
github.com/gogpu/gogpu/internal/platform/darwin/windowdelegate.go:88.16,90.3 1 0
github.com/gogpu/gogpu/internal/platform/darwin/windowdelegate.go:91.2,92.19 2 1
github.com/gogpu/gogpu/internal/platform/darwin/windowdelegate.go:92.19,94.3 1 0
github.com/gogpu/gogpu/internal/platform/darwin/windowdelegate.go:95.2,96.22 2 1
github.com/gogpu/gogpu/internal/platform/darwin/windowdelegate.go:96.22,98.3 1 0
github.com/gogpu/gogpu/internal/platform/darwin/windowdelegate.go:99.2,101.22 2 1
github.com/gogpu/gogpu/internal/platform/darwin/windowdelegate.go:106.49,108.16 2 0
github.com/gogpu/gogpu/internal/platform/darwin/windowdelegate.go:108.16,110.3 1 0
github.com/gogpu/gogpu/internal/platform/darwin/windowdelegate.go:111.2,111.23 1 0
